TN:
SF:src\components\AdminLayout.tsx
FN:49,AdminLayout
FN:55,(anonymous_1)
FN:115,(anonymous_2)
FN:121,(anonymous_3)
FN:150,(anonymous_4)
FN:160,(anonymous_5)
FN:170,(anonymous_6)
FN:191,(anonymous_7)
FN:196,(anonymous_8)
FN:220,(anonymous_9)
FN:227,(anonymous_10)
FN:234,(anonymous_11)
FNF:12
FNH:0
FNDA:0,AdminLayout
FNDA:0,(anonymous_1)
FNDA:0,(anonymous_2)
FNDA:0,(anonymous_3)
FNDA:0,(anonymous_4)
FNDA:0,(anonymous_5)
FNDA:0,(anonymous_6)
FNDA:0,(anonymous_7)
FNDA:0,(anonymous_8)
FNDA:0,(anonymous_9)
FNDA:0,(anonymous_10)
FNDA:0,(anonymous_11)
DA:21,0
DA:50,0
DA:51,0
DA:52,0
DA:53,0
DA:55,0
DA:56,0
DA:57,0
DA:58,0
DA:63,0
DA:64,0
DA:72,0
DA:73,0
DA:87,0
DA:116,0
DA:122,0
DA:123,0
DA:124,0
DA:151,0
DA:152,0
DA:161,0
DA:162,0
DA:171,0
DA:172,0
DA:192,0
DA:197,0
DA:198,0
DA:199,0
DA:220,0
DA:227,0
DA:234,0
LF:31
LH:0
BRDA:57,0,0,0
BRDA:57,0,1,0
BRDA:63,1,0,0
BRDA:63,1,1,0
BRDA:72,2,0,0
BRDA:72,2,1,0
BRDA:100,3,0,0
BRDA:100,3,1,0
BRDA:129,4,0,0
BRDA:129,4,1,0
BRDA:204,5,0,0
BRDA:204,5,1,0
BRF:12
BRH:0
end_of_record
TN:
SF:src\components\Breadcrumbs.tsx
FN:16,Breadcrumbs
FN:21,(anonymous_1)
FN:30,(anonymous_2)
FN:94,generateBreadcrumbs
FN:99,(anonymous_4)
FN:137,(anonymous_5)
FNF:6
FNH:0
FNDA:0,Breadcrumbs
FNDA:0,(anonymous_1)
FNDA:0,(anonymous_2)
FNDA:0,generateBreadcrumbs
FNDA:0,(anonymous_4)
FNDA:0,(anonymous_5)
DA:17,0
DA:18,0
DA:21,0
DA:24,0
DA:25,0
DA:28,0
DA:31,0
DA:36,0
DA:37,0
DA:41,0
DA:42,0
DA:44,0
DA:48,0
DA:49,0
DA:52,0
DA:54,0
DA:55,0
DA:61,0
DA:95,0
DA:96,0
DA:98,0
DA:99,0
DA:100,0
DA:103,0
DA:105,0
DA:106,0
DA:107,0
DA:109,0
DA:117,0
DA:120,0
DA:123,0
DA:124,0
DA:127,0
DA:138,0
DA:140,0
LF:35
LH:0
BRDA:36,0,0,0
BRDA:36,0,1,0
BRDA:41,1,0,0
BRDA:41,1,1,0
BRDA:48,2,0,0
BRDA:48,2,1,0
BRDA:48,3,0,0
BRDA:48,3,1,0
BRDA:54,4,0,0
BRDA:54,4,1,0
BRDA:55,5,0,0
BRDA:55,5,1,0
BRDA:57,6,0,0
BRDA:57,6,1,0
BRDA:105,7,0,0
BRDA:105,7,1,0
BRDA:106,8,0,0
BRDA:106,8,1,0
BRDA:107,9,0,0
BRDA:107,9,1,0
BRDA:123,10,0,0
BRDA:123,10,1,0
BRDA:123,11,0,0
BRDA:123,11,1,0
BRDA:143,12,0,0
BRDA:143,12,1,0
BRDA:146,13,0,0
BRDA:146,13,1,0
BRDA:156,14,0,0
BRDA:156,14,1,0
BRF:30
BRH:0
end_of_record
TN:
SF:src\components\CustomAlert.tsx
FN:26,useAlert
FN:34,AlertProvider
FN:39,(anonymous_2)
FN:43,(anonymous_3)
FN:57,(anonymous_4)
FN:61,(anonymous_5)
FN:68,(anonymous_6)
FN:75,(anonymous_7)
FN:77,(anonymous_8)
FN:81,(anonymous_9)
FN:82,(anonymous_10)
FN:94,(anonymous_11)
FN:97,(anonymous_12)
FN:108,(anonymous_13)
FNF:14
FNH:0
FNDA:0,useAlert
FNDA:0,AlertProvider
FNDA:0,(anonymous_2)
FNDA:0,(anonymous_3)
FNDA:0,(anonymous_4)
FNDA:0,(anonymous_5)
FNDA:0,(anonymous_6)
FNDA:0,(anonymous_7)
FNDA:0,(anonymous_8)
FNDA:0,(anonymous_9)
FNDA:0,(anonymous_10)
FNDA:0,(anonymous_11)
FNDA:0,(anonymous_12)
FNDA:0,(anonymous_13)
DA:24,0
DA:27,0
DA:28,0
DA:29,0
DA:31,0
DA:35,0
DA:36,0
DA:37,0
DA:39,0
DA:40,0
DA:43,0
DA:48,0
DA:57,0
DA:58,0
DA:61,0
DA:62,0
DA:63,0
DA:64,0
DA:68,0
DA:69,0
DA:70,0
DA:72,0
DA:75,0
DA:76,0
DA:77,0
DA:81,0
DA:82,0
DA:83,0
DA:84,0
DA:85,0
DA:86,0
DA:88,0
DA:89,0
DA:90,0
DA:93,0
DA:94,0
DA:97,0
DA:98,0
DA:100,0
DA:102,0
DA:104,0
DA:108,0
DA:109,0
DA:111,0
DA:113,0
DA:115,0
DA:119,0
LF:47
LH:0
BRDA:28,0,0,0
BRDA:28,0,1,0
BRDA:39,1,0,0
BRDA:52,2,0,0
BRDA:52,2,1,0
BRDA:53,3,0,0
BRDA:53,3,1,0
BRDA:62,4,0,0
BRDA:62,4,1,0
BRDA:69,5,0,0
BRDA:69,5,1,0
BRDA:76,6,0,0
BRDA:76,6,1,0
BRDA:83,7,0,0
BRDA:83,7,1,0
BRDA:84,8,0,0
BRDA:84,8,1,0
BRDA:85,9,0,0
BRDA:85,9,1,0
BRDA:88,10,0,0
BRDA:88,10,1,0
BRDA:98,11,0,0
BRDA:98,11,1,0
BRDA:98,11,2,0
BRDA:109,12,0,0
BRDA:109,12,1,0
BRDA:109,12,2,0
BRDA:124,13,0,0
BRDA:124,13,1,0
BRDA:156,14,0,0
BRDA:156,14,1,0
BRF:31
BRH:0
end_of_record
TN:
SF:src\components\ErrorBoundary.tsx
FN:20,(anonymous_0)
FN:29,(anonymous_1)
FN:33,(anonymous_2)
FN:46,(anonymous_3)
FN:54,(anonymous_4)
FN:59,(anonymous_5)
FNF:6
FNH:5
FNDA:12,(anonymous_0)
FNDA:11,(anonymous_1)
FNDA:5,(anonymous_2)
FNDA:1,(anonymous_3)
FNDA:0,(anonymous_4)
FNDA:28,(anonymous_5)
DA:21,12
DA:22,12
DA:30,10
DA:35,5
DA:37,5
DA:46,1
DA:47,1
DA:54,0
DA:55,0
DA:56,0
DA:60,28
DA:61,15
DA:62,3
DA:65,12
DA:122,13
LF:15
LH:12
BRDA:60,0,0,15
BRDA:60,0,1,13
BRDA:61,1,0,3
BRDA:61,1,1,12
BRDA:81,2,0,12
BRDA:81,2,1,12
BRDA:81,2,2,12
BRDA:86,3,0,12
BRDA:86,3,1,4
BRF:9
BRH:9
end_of_record
TN:
SF:src\components\Layout.tsx
FN:14,Layout
FN:22,(anonymous_1)
FN:25,(anonymous_2)
FN:28,(anonymous_3)
FN:34,(anonymous_4)
FN:35,(anonymous_5)
FN:40,(anonymous_6)
FN:56,(anonymous_7)
FN:92,(anonymous_8)
FN:97,(anonymous_9)
FN:103,(anonymous_10)
FN:142,(anonymous_11)
FN:142,(anonymous_12)
FN:169,(anonymous_13)
FN:192,(anonymous_14)
FN:218,(anonymous_15)
FNF:16
FNH:0
FNDA:0,Layout
FNDA:0,(anonymous_1)
FNDA:0,(anonymous_2)
FNDA:0,(anonymous_3)
FNDA:0,(anonymous_4)
FNDA:0,(anonymous_5)
FNDA:0,(anonymous_6)
FNDA:0,(anonymous_7)
FNDA:0,(anonymous_8)
FNDA:0,(anonymous_9)
FNDA:0,(anonymous_10)
FNDA:0,(anonymous_11)
FNDA:0,(anonymous_12)
FNDA:0,(anonymous_13)
FNDA:0,(anonymous_14)
FNDA:0,(anonymous_15)
DA:15,0
DA:16,0
DA:17,0
DA:18,0
DA:22,0
DA:23,0
DA:24,0
DA:25,0
DA:26,0
DA:28,0
DA:31,0
DA:34,0
DA:35,0
DA:38,0
DA:41,0
DA:42,0
DA:48,0
DA:49,0
DA:56,0
DA:58,0
DA:59,0
DA:63,0
DA:64,0
DA:70,0
DA:73,0
DA:74,0
DA:75,0
DA:76,0
DA:79,0
DA:81,0
DA:83,0
DA:84,0
DA:86,0
DA:89,0
DA:92,0
DA:94,0
DA:95,0
DA:96,0
DA:97,0
DA:100,0
DA:103,0
DA:105,0
DA:107,0
DA:108,0
DA:109,0
DA:114,0
DA:115,0
DA:122,0
DA:142,0
DA:143,0
DA:144,0
DA:147,0
DA:169,0
DA:193,0
DA:194,0
DA:197,0
DA:218,0
LF:57
LH:0
BRDA:26,0,0,0
BRDA:26,0,1,0
BRDA:28,1,0,0
BRDA:28,1,1,0
BRDA:31,2,0,0
BRDA:31,2,1,0
BRDA:41,3,0,0
BRDA:41,3,1,0
BRDA:48,4,0,0
BRDA:48,4,1,0
BRDA:51,5,0,0
BRDA:51,5,1,0
BRDA:51,5,2,0
BRDA:58,6,0,0
BRDA:58,6,1,0
BRDA:58,7,0,0
BRDA:58,7,1,0
BRDA:63,8,0,0
BRDA:63,8,1,0
BRDA:63,9,0,0
BRDA:63,9,1,0
BRDA:73,10,0,0
BRDA:73,10,1,0
BRDA:75,11,0,0
BRDA:75,11,1,0
BRDA:75,12,0,0
BRDA:75,12,1,0
BRDA:81,13,0,0
BRDA:81,13,1,0
BRDA:84,14,0,0
BRDA:84,14,1,0
BRDA:94,15,0,0
BRDA:94,15,1,0
BRDA:94,16,0,0
BRDA:94,16,1,0
BRDA:95,17,0,0
BRDA:95,17,1,0
BRDA:96,18,0,0
BRDA:96,18,1,0
BRDA:108,19,0,0
BRDA:108,19,1,0
BRDA:114,20,0,0
BRDA:114,20,1,0
BRDA:114,21,0,0
BRDA:114,21,1,0
BRDA:114,21,2,0
BRDA:114,21,3,0
BRDA:114,21,4,0
BRDA:114,21,5,0
BRDA:129,22,0,0
BRDA:129,22,1,0
BRDA:129,22,2,0
BRDA:144,23,0,0
BRDA:144,23,1,0
BRDA:152,24,0,0
BRDA:152,24,1,0
BRDA:165,25,0,0
BRDA:165,25,1,0
BRDA:187,26,0,0
BRDA:187,26,1,0
BRDA:194,27,0,0
BRDA:194,27,1,0
BRDA:202,28,0,0
BRDA:202,28,1,0
BRDA:207,29,0,0
BRDA:207,29,1,0
BRDA:215,30,0,0
BRDA:215,30,1,0
BRF:68
BRH:0
end_of_record
TN:
SF:src\components\StatCard.tsx
FN:77,StatCard
FNF:1
FNH:0
FNDA:0,StatCard
DA:20,0
DA:86,0
DA:88,0
DA:93,0
LF:4
LH:0
BRDA:81,0,0,0
BRDA:90,1,0,0
BRDA:90,1,1,0
BRDA:98,2,0,0
BRDA:98,2,1,0
BRDA:102,3,0,0
BRDA:102,3,1,0
BRDA:106,4,0,0
BRDA:106,4,1,0
BRF:9
BRH:0
end_of_record
TN:
SF:src\components\VehicleModal.tsx
FN:25,VehicleModal
FN:39,(anonymous_1)
FN:40,(anonymous_2)
FN:43,(anonymous_3)
FN:61,(anonymous_4)
FN:66,(anonymous_5)
FN:69,(anonymous_6)
FN:115,(anonymous_7)
FN:126,(anonymous_8)
FN:139,(anonymous_9)
FN:152,(anonymous_10)
FN:165,(anonymous_11)
FN:183,(anonymous_12)
FNF:13
FNH:0
FNDA:0,VehicleModal
FNDA:0,(anonymous_1)
FNDA:0,(anonymous_2)
FNDA:0,(anonymous_3)
FNDA:0,(anonymous_4)
FNDA:0,(anonymous_5)
FNDA:0,(anonymous_6)
FNDA:0,(anonymous_7)
FNDA:0,(anonymous_8)
FNDA:0,(anonymous_9)
FNDA:0,(anonymous_10)
FNDA:0,(anonymous_11)
FNDA:0,(anonymous_12)
DA:26,0
DA:27,0
DA:36,0
DA:37,0
DA:39,0
DA:40,0
DA:42,0
DA:44,0
DA:53,0
DA:54,0
DA:55,0
DA:57,0
DA:58,0
DA:62,0
DA:63,0
DA:64,0
DA:66,0
DA:69,0
DA:70,0
DA:71,0
DA:74,0
DA:115,0
DA:126,0
DA:139,0
DA:152,0
DA:165,0
DA:183,0
LF:27
LH:0
BRDA:28,0,0,0
BRDA:28,0,1,0
BRDA:29,1,0,0
BRDA:29,1,1,0
BRDA:30,2,0,0
BRDA:30,2,1,0
BRDA:31,3,0,0
BRDA:31,3,1,0
BRDA:32,4,0,0
BRDA:32,4,1,0
BRDA:33,5,0,0
BRDA:33,5,1,0
BRDA:49,6,0,0
BRDA:49,6,1,0
BRDA:50,7,0,0
BRDA:50,7,1,0
BRDA:53,8,0,0
BRDA:53,8,1,0
BRDA:55,9,0,0
BRDA:55,9,1,0
BRDA:58,10,0,0
BRDA:58,10,1,0
BRDA:63,11,0,0
BRDA:63,11,1,0
BRDA:89,12,0,0
BRDA:89,12,1,0
BRDA:91,13,0,0
BRDA:91,13,1,0
BRDA:170,14,0,0
BRDA:170,14,1,0
BRDA:171,15,0,0
BRDA:171,15,1,0
BRDA:206,16,0,0
BRDA:206,16,1,0
BRDA:206,17,0,0
BRDA:206,17,1,0
BRF:36
BRH:0
end_of_record
TN:
SF:src\components\Version.tsx
FN:1,Version
FNF:1
FNH:0
FNDA:0,Version
DA:2,0
LF:1
LH:0
BRF:0
BRH:0
end_of_record
TN:
SF:src\components\VersionChecker.tsx
FN:8,VersionChecker
FN:11,(anonymous_1)
FN:12,(anonymous_2)
FN:25,(anonymous_3)
FN:38,(anonymous_4)
FN:48,(anonymous_5)
FN:50,(anonymous_6)
FN:51,(anonymous_7)
FN:57,(anonymous_8)
FN:62,(anonymous_9)
FN:69,(anonymous_10)
FNF:11
FNH:0
FNDA:0,VersionChecker
FNDA:0,(anonymous_1)
FNDA:0,(anonymous_2)
FNDA:0,(anonymous_3)
FNDA:0,(anonymous_4)
FNDA:0,(anonymous_5)
FNDA:0,(anonymous_6)
FNDA:0,(anonymous_7)
FNDA:0,(anonymous_8)
FNDA:0,(anonymous_9)
FNDA:0,(anonymous_10)
DA:5,0
DA:6,0
DA:9,0
DA:11,0
DA:12,0
DA:13,0
DA:16,0
DA:17,0
DA:18,0
DA:22,0
DA:25,0
DA:26,0
DA:38,0
DA:45,0
DA:48,0
DA:49,0
DA:50,0
DA:52,0
DA:53,0
DA:54,0
DA:62,0
DA:66,0
DA:67,0
DA:69,0
DA:78,0
LF:25
LH:0
BRDA:16,0,0,0
BRDA:16,0,1,0
BRDA:16,1,0,0
BRDA:16,1,1,0
BRDA:52,2,0,0
BRDA:52,2,1,0
BRDA:66,3,0,0
BRDA:66,3,1,0
BRF:8
BRH:0
end_of_record
TN:
SF:src\components\appointments\AppointmentModal.tsx
FN:32,AppointmentModal
FN:52,(anonymous_1)
FN:53,(anonymous_2)
FN:58,(anonymous_3)
FN:73,(anonymous_4)
FN:117,(anonymous_5)
FN:118,(anonymous_6)
FN:119,(anonymous_7)
FN:177,(anonymous_8)
FN:184,(anonymous_9)
FN:192,(anonymous_10)
FN:225,(anonymous_11)
FN:238,(anonymous_12)
FN:245,(anonymous_13)
FN:251,(anonymous_14)
FN:261,(anonymous_15)
FN:277,(anonymous_16)
FN:308,(anonymous_17)
FN:330,(anonymous_18)
FN:334,(anonymous_19)
FN:365,(anonymous_20)
FN:373,(anonymous_21)
FN:380,(anonymous_22)
FN:387,(anonymous_23)
FN:394,(anonymous_24)
FN:443,(anonymous_25)
FNF:26
FNH:0
FNDA:0,AppointmentModal
FNDA:0,(anonymous_1)
FNDA:0,(anonymous_2)
FNDA:0,(anonymous_3)
FNDA:0,(anonymous_4)
FNDA:0,(anonymous_5)
FNDA:0,(anonymous_6)
FNDA:0,(anonymous_7)
FNDA:0,(anonymous_8)
FNDA:0,(anonymous_9)
FNDA:0,(anonymous_10)
FNDA:0,(anonymous_11)
FNDA:0,(anonymous_12)
FNDA:0,(anonymous_13)
FNDA:0,(anonymous_14)
FNDA:0,(anonymous_15)
FNDA:0,(anonymous_16)
FNDA:0,(anonymous_17)
FNDA:0,(anonymous_18)
FNDA:0,(anonymous_19)
FNDA:0,(anonymous_20)
FNDA:0,(anonymous_21)
FNDA:0,(anonymous_22)
FNDA:0,(anonymous_23)
FNDA:0,(anonymous_24)
FNDA:0,(anonymous_25)
DA:24,0
DA:33,0
DA:34,0
DA:35,0
DA:36,0
DA:37,0
DA:49,0
DA:52,0
DA:53,0
DA:56,0
DA:59,0
DA:60,0
DA:66,0
DA:67,0
DA:73,0
DA:74,0
DA:76,0
DA:77,0
DA:78,0
DA:81,0
DA:83,0
DA:98,0
DA:101,0
DA:112,0
DA:116,0
DA:118,0
DA:119,0
DA:121,0
DA:123,0
DA:144,0
DA:145,0
DA:146,0
DA:148,0
DA:151,0
DA:173,0
DA:174,0
DA:178,0
DA:179,0
DA:180,0
DA:181,0
DA:182,0
DA:185,0
DA:186,0
DA:187,0
DA:191,0
DA:193,0
DA:196,0
DA:197,0
DA:198,0
DA:200,0
DA:208,0
DA:209,0
DA:210,0
DA:214,0
DA:219,0
DA:220,0
DA:221,0
DA:227,0
DA:228,0
DA:230,0
DA:231,0
DA:236,0
DA:239,0
DA:243,0
DA:245,0
DA:246,0
DA:247,0
DA:251,0
DA:252,0
DA:254,0
DA:255,0
DA:257,0
DA:261,0
DA:262,0
DA:264,0
DA:266,0
DA:269,0
DA:271,0
DA:273,0
DA:277,0
DA:278,0
DA:280,0
DA:284,0
DA:290,0
DA:293,0
DA:309,0
DA:310,0
DA:331,0
DA:334,0
DA:365,0
DA:373,0
DA:380,0
DA:387,0
DA:394,0
DA:443,0
LF:95
LH:0
BRDA:59,0,0,0
BRDA:59,0,1,0
BRDA:66,1,0,0
BRDA:66,1,1,0
BRDA:69,2,0,0
BRDA:69,2,1,0
BRDA:74,3,0,0
BRDA:74,3,1,0
BRDA:74,4,0,0
BRDA:74,4,1,0
BRDA:77,5,0,0
BRDA:77,5,1,0
BRDA:77,6,0,0
BRDA:77,6,1,0
BRDA:78,7,0,0
BRDA:78,7,1,0
BRDA:78,7,2,0
BRDA:88,8,0,0
BRDA:88,8,1,0
BRDA:89,9,0,0
BRDA:89,9,1,0
BRDA:90,10,0,0
BRDA:90,10,1,0
BRDA:94,11,0,0
BRDA:94,11,1,0
BRDA:95,12,0,0
BRDA:95,12,1,0
BRDA:121,13,0,0
BRDA:121,13,1,0
BRDA:130,14,0,0
BRDA:130,14,1,0
BRDA:136,15,0,0
BRDA:136,15,1,0
BRDA:137,16,0,0
BRDA:137,16,1,0
BRDA:138,17,0,0
BRDA:138,17,1,0
BRDA:144,18,0,0
BRDA:144,18,1,0
BRDA:166,19,0,0
BRDA:166,19,1,0
BRDA:173,20,0,0
BRDA:173,20,1,0
BRDA:180,21,0,0
BRDA:180,21,1,0
BRDA:193,22,0,0
BRDA:193,22,1,0
BRDA:196,23,0,0
BRDA:196,23,1,0
BRDA:196,24,0,0
BRDA:196,24,1,0
BRDA:197,25,0,0
BRDA:197,25,1,0
BRDA:198,26,0,0
BRDA:198,26,1,0
BRDA:208,27,0,0
BRDA:208,27,1,0
BRDA:219,28,0,0
BRDA:219,28,1,0
BRDA:232,29,0,0
BRDA:232,29,1,0
BRDA:232,30,0,0
BRDA:232,30,1,0
BRDA:243,31,0,0
BRDA:243,31,1,0
BRDA:246,32,0,0
BRDA:246,32,1,0
BRDA:252,33,0,0
BRDA:252,33,1,0
BRDA:254,34,0,0
BRDA:254,34,1,0
BRDA:254,35,0,0
BRDA:254,35,1,0
BRDA:254,35,2,0
BRDA:254,35,3,0
BRDA:262,36,0,0
BRDA:262,36,1,0
BRDA:262,36,2,0
BRDA:262,36,3,0
BRDA:262,36,4,0
BRDA:262,36,5,0
BRDA:278,37,0,0
BRDA:278,37,1,0
BRDA:280,38,0,0
BRDA:280,38,1,0
BRDA:280,39,0,0
BRDA:280,39,1,0
BRDA:286,40,0,0
BRDA:286,40,1,0
BRDA:286,41,0,0
BRDA:286,41,1,0
BRDA:290,42,0,0
BRDA:290,42,1,0
BRDA:300,43,0,0
BRDA:300,43,1,0
BRDA:334,44,0,0
BRDA:334,44,1,0
BRDA:335,45,0,0
BRDA:335,45,1,0
BRDA:337,46,0,0
BRDA:337,46,1,0
BRDA:337,47,0,0
BRDA:337,47,1,0
BRDA:339,48,0,0
BRDA:339,48,1,0
BRDA:341,49,0,0
BRDA:341,49,1,0
BRDA:343,50,0,0
BRDA:343,50,1,0
BRDA:346,51,0,0
BRDA:346,51,1,0
BRDA:350,52,0,0
BRDA:350,52,1,0
BRDA:362,53,0,0
BRDA:362,53,1,0
BRDA:369,54,0,0
BRDA:369,54,1,0
BRDA:377,55,0,0
BRDA:377,55,1,0
BRDA:384,56,0,0
BRDA:384,56,1,0
BRDA:391,57,0,0
BRDA:391,57,1,0
BRDA:402,58,0,0
BRDA:402,58,1,0
BRDA:402,58,2,0
BRDA:412,59,0,0
BRDA:412,59,1,0
BRDA:419,60,0,0
BRDA:419,60,1,0
BRDA:431,61,0,0
BRDA:431,61,1,0
BRDA:447,62,0,0
BRDA:447,62,1,0
BRDA:447,63,0,0
BRDA:447,63,1,0
BRF:136
BRH:0
end_of_record
TN:
SF:src\components\appointments\AppointmentSummary.tsx
FN:22,AppointmentSummary
FN:24,(anonymous_1)
FN:25,(anonymous_2)
FN:29,(anonymous_3)
FN:30,(anonymous_4)
FN:35,(anonymous_5)
FN:55,(anonymous_6)
FN:106,(anonymous_7)
FN:134,(anonymous_8)
FN:173,(anonymous_9)
FN:177,(anonymous_10)
FN:194,(anonymous_11)
FN:218,(anonymous_12)
FN:247,(anonymous_13)
FN:259,(anonymous_14)
FN:260,(anonymous_15)
FN:279,(anonymous_16)
FNF:17
FNH:0
FNDA:0,AppointmentSummary
FNDA:0,(anonymous_1)
FNDA:0,(anonymous_2)
FNDA:0,(anonymous_3)
FNDA:0,(anonymous_4)
FNDA:0,(anonymous_5)
FNDA:0,(anonymous_6)
FNDA:0,(anonymous_7)
FNDA:0,(anonymous_8)
FNDA:0,(anonymous_9)
FNDA:0,(anonymous_10)
FNDA:0,(anonymous_11)
FNDA:0,(anonymous_12)
FNDA:0,(anonymous_13)
FNDA:0,(anonymous_14)
FNDA:0,(anonymous_15)
FNDA:0,(anonymous_16)
DA:13,0
DA:23,0
DA:24,0
DA:25,0
DA:26,0
DA:29,0
DA:30,0
DA:33,0
DA:36,0
DA:39,0
DA:45,0
DA:48,0
DA:53,0
DA:55,0
DA:58,0
DA:64,0
DA:69,0
DA:107,0
DA:135,0
DA:173,0
DA:178,0
DA:194,0
DA:218,0
DA:247,0
DA:259,0
DA:261,0
DA:279,0
LF:27
LH:0
BRDA:36,0,0,0
BRDA:36,0,1,0
BRDA:45,1,0,0
BRDA:45,1,1,0
BRDA:53,2,0,0
BRDA:53,2,1,0
BRDA:53,3,0,0
BRDA:53,3,1,0
BRDA:64,4,0,0
BRDA:64,4,1,0
BRDA:79,5,0,0
BRDA:79,5,1,0
BRDA:93,6,0,0
BRDA:93,6,1,0
BRDA:99,7,0,0
BRDA:99,7,1,0
BRDA:110,8,0,0
BRDA:110,8,1,0
BRDA:127,9,0,0
BRDA:127,9,1,0
BRDA:139,10,0,0
BRDA:139,10,1,0
BRDA:139,11,0,0
BRDA:139,11,1,0
BRDA:146,12,0,0
BRDA:146,12,1,0
BRDA:165,13,0,0
BRDA:165,13,1,0
BRDA:165,13,2,0
BRDA:165,13,3,0
BRDA:172,14,0,0
BRDA:172,14,1,0
BRDA:173,15,0,0
BRDA:173,15,1,0
BRDA:179,16,0,0
BRDA:179,16,1,0
BRDA:186,17,0,0
BRDA:186,17,1,0
BRDA:186,17,2,0
BRDA:186,17,3,0
BRDA:188,18,0,0
BRDA:188,18,1,0
BRDA:193,19,0,0
BRDA:193,19,1,0
BRDA:212,20,0,0
BRDA:212,20,1,0
BRDA:217,21,0,0
BRDA:217,21,1,0
BRDA:239,22,0,0
BRDA:239,22,1,0
BRDA:250,23,0,0
BRDA:250,23,1,0
BRDA:250,24,0,0
BRDA:250,24,1,0
BRDA:259,25,0,0
BRDA:259,25,1,0
BRDA:265,26,0,0
BRDA:265,26,1,0
BRDA:265,26,2,0
BRDA:265,26,3,0
BRF:60
BRH:0
end_of_record
TN:
SF:src\components\appointments\ClientSelector.tsx
FN:14,ClientSelector
FN:23,(anonymous_1)
FN:44,(anonymous_2)
FN:58,(anonymous_3)
FN:65,(anonymous_4)
FN:70,(anonymous_5)
FN:79,(anonymous_6)
FN:93,(anonymous_7)
FN:98,(anonymous_8)
FN:118,(anonymous_9)
FN:131,(anonymous_10)
FN:149,(anonymous_11)
FN:170,(anonymous_12)
FN:173,(anonymous_13)
FNF:14
FNH:0
FNDA:0,ClientSelector
FNDA:0,(anonymous_1)
FNDA:0,(anonymous_2)
FNDA:0,(anonymous_3)
FNDA:0,(anonymous_4)
FNDA:0,(anonymous_5)
FNDA:0,(anonymous_6)
FNDA:0,(anonymous_7)
FNDA:0,(anonymous_8)
FNDA:0,(anonymous_9)
FNDA:0,(anonymous_10)
FNDA:0,(anonymous_11)
FNDA:0,(anonymous_12)
FNDA:0,(anonymous_13)
DA:15,0
DA:16,0
DA:17,0
DA:18,0
DA:19,0
DA:21,0
DA:24,0
DA:30,0
DA:31,0
DA:32,0
DA:34,0
DA:39,0
DA:40,0
DA:43,0
DA:45,0
DA:55,0
DA:56,0
DA:59,0
DA:60,0
DA:61,0
DA:62,0
DA:63,0
DA:66,0
DA:70,0
DA:71,0
DA:72,0
DA:73,0
DA:79,0
DA:80,0
DA:81,0
DA:84,0
DA:93,0
DA:98,0
DA:118,0
DA:131,0
DA:149,0
DA:171,0
DA:173,0
LF:38
LH:0
BRDA:30,0,0,0
BRDA:30,0,1,0
BRDA:39,1,0,0
BRDA:39,1,1,0
BRDA:55,2,0,0
BRDA:55,2,1,0
BRDA:71,3,0,0
BRDA:71,3,1,0
BRDA:74,4,0,0
BRDA:74,4,1,0
BRDA:106,5,0,0
BRDA:106,5,1,0
BRDA:145,6,0,0
BRDA:145,6,1,0
BRDA:158,7,0,0
BRDA:158,7,1,0
BRDA:164,8,0,0
BRDA:164,8,1,0
BRDA:164,8,2,0
BRDA:166,9,0,0
BRDA:166,9,1,0
BRDA:175,10,0,0
BRDA:175,10,1,0
BRDA:181,11,0,0
BRDA:181,11,1,0
BRDA:182,12,0,0
BRDA:182,12,1,0
BRDA:186,13,0,0
BRDA:186,13,1,0
BRDA:200,14,0,0
BRDA:200,14,1,0
BRDA:200,14,2,0
BRDA:202,15,0,0
BRDA:202,15,1,0
BRF:34
BRH:0
end_of_record
TN:
SF:src\components\appointments\MonthlyRevenueModal.tsx
FN:25,MonthlyRevenueModal
FN:31,(anonymous_1)
FN:60,(anonymous_2)
FN:68,(anonymous_3)
FN:73,(anonymous_4)
FN:80,(anonymous_5)
FN:81,(anonymous_6)
FN:83,(anonymous_7)
FN:128,(anonymous_8)
FN:168,(anonymous_9)
FN:193,(anonymous_10)
FN:233,(anonymous_11)
FNF:12
FNH:0
FNDA:0,MonthlyRevenueModal
FNDA:0,(anonymous_1)
FNDA:0,(anonymous_2)
FNDA:0,(anonymous_3)
FNDA:0,(anonymous_4)
FNDA:0,(anonymous_5)
FNDA:0,(anonymous_6)
FNDA:0,(anonymous_7)
FNDA:0,(anonymous_8)
FNDA:0,(anonymous_9)
FNDA:0,(anonymous_10)
FNDA:0,(anonymous_11)
DA:26,0
DA:27,0
DA:29,0
DA:32,0
DA:33,0
DA:35,0
DA:53,0
DA:54,0
DA:59,0
DA:61,0
DA:66,0
DA:69,0
DA:70,0
DA:71,0
DA:74,0
DA:78,0
DA:80,0
DA:81,0
DA:83,0
DA:84,0
DA:87,0
DA:92,0
DA:129,0
DA:130,0
DA:131,0
DA:133,0
DA:168,0
DA:194,0
DA:195,0
DA:196,0
DA:198,0
DA:233,0
LF:32
LH:0
BRDA:53,0,0,0
BRDA:53,0,1,0
BRDA:56,1,0,0
BRDA:56,1,1,0
BRDA:66,2,0,0
BRDA:66,2,1,0
BRDA:78,3,0,0
BRDA:78,3,1,0
BRDA:80,4,0,0
BRDA:80,4,1,0
BRDA:81,5,0,0
BRDA:81,5,1,0
BRDA:84,6,0,0
BRDA:84,6,1,0
BRDA:84,6,2,0
BRDA:84,7,0,0
BRDA:84,7,1,0
BRDA:110,8,0,0
BRDA:110,8,1,0
BRDA:117,9,0,0
BRDA:117,9,1,0
BRDA:129,10,0,0
BRDA:129,10,1,0
BRDA:129,10,2,0
BRDA:130,11,0,0
BRDA:130,11,1,0
BRDA:141,12,0,0
BRDA:141,12,1,0
BRDA:144,13,0,0
BRDA:144,13,1,0
BRDA:149,14,0,0
BRDA:149,14,1,0
BRDA:155,15,0,0
BRDA:155,15,1,0
BRDA:187,16,0,0
BRDA:187,16,1,0
BRDA:194,17,0,0
BRDA:194,17,1,0
BRDA:194,17,2,0
BRDA:195,18,0,0
BRDA:195,18,1,0
BRDA:206,19,0,0
BRDA:206,19,1,0
BRDA:209,20,0,0
BRDA:209,20,1,0
BRDA:214,21,0,0
BRDA:214,21,1,0
BRDA:220,22,0,0
BRDA:220,22,1,0
BRDA:251,23,0,0
BRDA:251,23,1,0
BRF:51
BRH:0
end_of_record
TN:
SF:src\components\appointments\PartItemsManager.tsx
FN:11,PartItemsManager
FN:30,(anonymous_1)
FN:34,(anonymous_2)
FN:77,(anonymous_3)
FN:82,(anonymous_4)
FN:83,(anonymous_5)
FN:86,(anonymous_6)
FN:95,(anonymous_7)
FN:115,(anonymous_8)
FN:152,(anonymous_9)
FN:169,(anonymous_10)
FNF:11
FNH:0
FNDA:0,PartItemsManager
FNDA:0,(anonymous_1)
FNDA:0,(anonymous_2)
FNDA:0,(anonymous_3)
FNDA:0,(anonymous_4)
FNDA:0,(anonymous_5)
FNDA:0,(anonymous_6)
FNDA:0,(anonymous_7)
FNDA:0,(anonymous_8)
FNDA:0,(anonymous_9)
FNDA:0,(anonymous_10)
DA:12,0
DA:13,0
DA:30,0
DA:31,0
DA:34,0
DA:35,0
DA:37,0
DA:39,0
DA:40,0
DA:41,0
DA:48,0
DA:50,0
DA:52,0
DA:53,0
DA:55,0
DA:58,0
DA:60,0
DA:72,0
DA:73,0
DA:74,0
DA:77,0
DA:78,0
DA:79,0
DA:82,0
DA:83,0
DA:86,0
DA:88,0
DA:95,0
DA:115,0
DA:153,0
DA:169,0
LF:31
LH:0
BRDA:31,0,0,0
BRDA:31,0,1,0
BRDA:41,1,0,0
BRDA:41,1,1,0
BRDA:50,2,0,0
BRDA:50,2,1,0
BRDA:86,3,0,0
BRDA:86,3,1,0
BRDA:92,4,0,0
BRDA:92,4,1,0
BRDA:104,5,0,0
BRDA:104,5,1,0
BRDA:144,6,0,0
BRDA:144,6,1,0
BRDA:144,7,0,0
BRDA:144,7,1,0
BRDA:157,8,0,0
BRDA:157,8,1,0
BRDA:163,9,0,0
BRDA:163,9,1,0
BRDA:180,10,0,0
BRDA:180,10,1,0
BRF:22
BRH:0
end_of_record
TN:
SF:src\components\appointments\ReassignWorkerModal.tsx
FN:19,ReassignWorkerModal
FN:33,(anonymous_1)
FN:51,(anonymous_2)
FN:73,(anonymous_3)
FN:81,(anonymous_4)
FN:87,(anonymous_5)
FN:94,(anonymous_6)
FN:109,(anonymous_7)
FN:143,(anonymous_8)
FN:148,(anonymous_9)
FNF:10
FNH:0
FNDA:0,ReassignWorkerModal
FNDA:0,(anonymous_1)
FNDA:0,(anonymous_2)
FNDA:0,(anonymous_3)
FNDA:0,(anonymous_4)
FNDA:0,(anonymous_5)
FNDA:0,(anonymous_6)
FNDA:0,(anonymous_7)
FNDA:0,(anonymous_8)
FNDA:0,(anonymous_9)
DA:26,0
DA:27,0
DA:28,0
DA:31,0
DA:35,0
DA:41,0
DA:44,0
DA:49,0
DA:51,0
DA:54,0
DA:62,0
DA:63,0
DA:64,0
DA:67,0
DA:72,0
DA:74,0
DA:79,0
DA:82,0
DA:83,0
DA:84,0
DA:85,0
DA:88,0
DA:92,0
DA:94,0
DA:95,0
DA:96,0
DA:97,0
DA:101,0
DA:110,0
DA:111,0
DA:143,0
DA:149,0
LF:32
LH:0
BRDA:26,0,0,0
BRDA:26,0,1,0
BRDA:31,1,0,0
BRDA:41,2,0,0
BRDA:41,2,1,0
BRDA:49,3,0,0
BRDA:49,3,1,0
BRDA:62,4,0,0
BRDA:62,4,1,0
BRDA:69,5,0,0
BRDA:69,5,1,0
BRDA:79,6,0,0
BRDA:79,6,1,0
BRDA:92,7,0,0
BRDA:92,7,1,0
BRDA:96,8,0,0
BRDA:96,8,1,0
BRDA:96,9,0,0
BRDA:96,9,1,0
BRDA:134,10,0,0
BRDA:134,10,1,0
BRDA:138,11,0,0
BRDA:138,11,1,0
BRDA:150,12,0,0
BRDA:150,12,1,0
BRDA:151,13,0,0
BRDA:151,13,1,0
BRDA:170,14,0,0
BRDA:170,14,1,0
BRDA:170,14,2,0
BRDA:176,15,0,0
BRDA:176,15,1,0
BRF:32
BRH:0
end_of_record
TN:
SF:src\components\appointments\VehicleSelector.tsx
FN:14,VehicleSelector
FN:29,(anonymous_1)
FN:43,(anonymous_2)
FN:57,(anonymous_3)
FN:71,(anonymous_4)
FN:78,(anonymous_5)
FN:96,(anonymous_6)
FN:99,(anonymous_7)
FN:105,(anonymous_8)
FN:117,(anonymous_9)
FN:133,(anonymous_10)
FN:162,(anonymous_11)
FN:182,(anonymous_12)
FN:195,(anonymous_13)
FN:210,(anonymous_14)
FN:221,(anonymous_15)
FN:237,(anonymous_16)
FN:272,(anonymous_17)
FN:293,(anonymous_18)
FN:308,(anonymous_19)
FN:311,(anonymous_20)
FNF:21
FNH:0
FNDA:0,VehicleSelector
FNDA:0,(anonymous_1)
FNDA:0,(anonymous_2)
FNDA:0,(anonymous_3)
FNDA:0,(anonymous_4)
FNDA:0,(anonymous_5)
FNDA:0,(anonymous_6)
FNDA:0,(anonymous_7)
FNDA:0,(anonymous_8)
FNDA:0,(anonymous_9)
FNDA:0,(anonymous_10)
FNDA:0,(anonymous_11)
FNDA:0,(anonymous_12)
FNDA:0,(anonymous_13)
FNDA:0,(anonymous_14)
FNDA:0,(anonymous_15)
FNDA:0,(anonymous_16)
FNDA:0,(anonymous_17)
FNDA:0,(anonymous_18)
FNDA:0,(anonymous_19)
FNDA:0,(anonymous_20)
DA:15,0
DA:16,0
DA:23,0
DA:24,0
DA:25,0
DA:27,0
DA:30,0
DA:36,0
DA:37,0
DA:42,0
DA:44,0
DA:54,0
DA:55,0
DA:58,0
DA:59,0
DA:60,0
DA:61,0
DA:62,0
DA:69,0
DA:72,0
DA:77,0
DA:79,0
DA:87,0
DA:88,0
DA:91,0
DA:93,0
DA:94,0
DA:97,0
DA:101,0
DA:105,0
DA:106,0
DA:107,0
DA:110,0
DA:111,0
DA:113,0
DA:117,0
DA:118,0
DA:119,0
DA:120,0
DA:121,0
DA:128,0
DA:129,0
DA:133,0
DA:134,0
DA:137,0
DA:138,0
DA:139,0
DA:141,0
DA:142,0
DA:143,0
DA:146,0
DA:147,0
DA:148,0
DA:152,0
DA:155,0
DA:162,0
DA:182,0
DA:195,0
DA:210,0
DA:221,0
DA:237,0
DA:272,0
DA:293,0
DA:309,0
DA:311,0
LF:65
LH:0
BRDA:36,0,0,0
BRDA:36,0,1,0
BRDA:54,1,0,0
BRDA:54,1,1,0
BRDA:87,2,0,0
BRDA:87,2,1,0
BRDA:93,3,0,0
BRDA:93,3,1,0
BRDA:110,4,0,0
BRDA:110,4,1,0
BRDA:118,5,0,0
BRDA:118,5,1,0
BRDA:137,6,0,0
BRDA:137,6,1,0
BRDA:141,7,0,0
BRDA:141,7,1,0
BRDA:146,8,0,0
BRDA:146,8,1,0
BRDA:170,9,0,0
BRDA:170,9,1,0
BRDA:226,10,0,0
BRDA:226,10,1,0
BRDA:244,11,0,0
BRDA:244,11,1,0
BRDA:257,12,0,0
BRDA:257,12,1,0
BRDA:258,13,0,0
BRDA:258,13,1,0
BRDA:289,14,0,0
BRDA:289,14,1,0
BRDA:302,15,0,0
BRDA:302,15,1,0
BRDA:313,16,0,0
BRDA:313,16,1,0
BRDA:319,17,0,0
BRDA:319,17,1,0
BRDA:320,18,0,0
BRDA:320,18,1,0
BRDA:336,19,0,0
BRDA:336,19,1,0
BRDA:336,19,2,0
BRF:41
BRH:0
end_of_record
TN:
SF:src\components\appointments\WorkItemsManager.tsx
FN:14,WorkItemsManager
FN:19,(anonymous_1)
FN:20,(anonymous_2)
FN:25,(anonymous_3)
FN:46,(anonymous_4)
FN:57,(anonymous_5)
FN:63,(anonymous_6)
FN:64,(anonymous_7)
FN:87,(anonymous_8)
FN:97,(anonymous_9)
FN:98,(anonymous_10)
FN:101,(anonymous_11)
FN:119,(anonymous_12)
FN:133,(anonymous_13)
FN:137,(anonymous_14)
FN:178,(anonymous_15)
FN:190,(anonymous_16)
FN:200,(anonymous_17)
FNF:18
FNH:0
FNDA:0,WorkItemsManager
FNDA:0,(anonymous_1)
FNDA:0,(anonymous_2)
FNDA:0,(anonymous_3)
FNDA:0,(anonymous_4)
FNDA:0,(anonymous_5)
FNDA:0,(anonymous_6)
FNDA:0,(anonymous_7)
FNDA:0,(anonymous_8)
FNDA:0,(anonymous_9)
FNDA:0,(anonymous_10)
FNDA:0,(anonymous_11)
FNDA:0,(anonymous_12)
FNDA:0,(anonymous_13)
FNDA:0,(anonymous_14)
FNDA:0,(anonymous_15)
FNDA:0,(anonymous_16)
FNDA:0,(anonymous_17)
DA:15,0
DA:16,0
DA:17,0
DA:19,0
DA:20,0
DA:23,0
DA:26,0
DA:27,0
DA:33,0
DA:34,0
DA:35,0
DA:37,0
DA:44,0
DA:47,0
DA:52,0
DA:53,0
DA:57,0
DA:60,0
DA:61,0
DA:63,0
DA:64,0
DA:65,0
DA:67,0
DA:68,0
DA:70,0
DA:71,0
DA:72,0
DA:73,0
DA:74,0
DA:75,0
DA:84,0
DA:87,0
DA:88,0
DA:89,0
DA:90,0
DA:91,0
DA:93,0
DA:97,0
DA:98,0
DA:101,0
DA:102,0
DA:108,0
DA:109,0
DA:112,0
DA:119,0
DA:134,0
DA:137,0
DA:178,0
DA:191,0
DA:200,0
LF:50
LH:0
BRDA:26,0,0,0
BRDA:26,0,1,0
BRDA:33,1,0,0
BRDA:33,1,1,0
BRDA:52,2,0,0
BRDA:52,2,1,0
BRDA:60,3,0,0
BRDA:60,3,1,0
BRDA:61,4,0,0
BRDA:61,4,1,0
BRDA:61,4,2,0
BRDA:71,5,0,0
BRDA:71,5,1,0
BRDA:74,6,0,0
BRDA:74,6,1,0
BRDA:74,7,0,0
BRDA:74,7,1,0
BRDA:90,8,0,0
BRDA:90,8,1,0
BRDA:115,9,0,0
BRDA:115,9,1,0
BRDA:129,10,0,0
BRDA:129,10,1,0
BRDA:146,11,0,0
BRDA:146,11,1,0
BRDA:155,12,0,0
BRDA:155,12,1,0
BRDA:208,13,0,0
BRDA:208,13,1,0
BRF:29
BRH:0
end_of_record
TN:
SF:src\components\parts\PartsCustomerModal.tsx
FN:13,PartsCustomerModal
FN:27,(anonymous_1)
FN:40,(anonymous_2)
FN:42,(anonymous_3)
FN:57,(anonymous_4)
FNF:5
FNH:0
FNDA:0,PartsCustomerModal
FNDA:0,(anonymous_1)
FNDA:0,(anonymous_2)
FNDA:0,(anonymous_3)
FNDA:0,(anonymous_4)
DA:14,0
DA:21,0
DA:23,0
DA:25,0
DA:27,0
DA:28,0
DA:29,0
DA:30,0
DA:31,0
DA:32,0
DA:34,0
DA:36,0
DA:40,0
DA:41,0
DA:42,0
DA:48,0
DA:58,0
DA:59,0
LF:18
LH:0
BRDA:15,0,0,0
BRDA:15,0,1,0
BRDA:16,1,0,0
BRDA:16,1,1,0
BRDA:17,2,0,0
BRDA:17,2,1,0
BRDA:18,3,0,0
BRDA:18,3,1,0
BRDA:19,4,0,0
BRDA:19,4,1,0
BRDA:25,5,0,0
BRDA:25,5,1,0
BRDA:44,6,0,0
BRDA:44,6,1,0
BRDA:44,7,0,0
BRDA:44,7,1,0
BRDA:53,8,0,0
BRDA:53,8,1,0
BRDA:91,9,0,0
BRDA:91,9,1,0
BRDA:104,10,0,0
BRDA:104,10,1,0
BRDA:132,11,0,0
BRDA:132,11,1,0
BRDA:154,12,0,0
BRDA:154,12,1,0
BRDA:154,13,0,0
BRDA:154,13,1,0
BRF:28
BRH:0
end_of_record
TN:
SF:src\components\parts\PartsVehicleModal.tsx
FN:16,newRow
FN:20,calcTotals
FN:43,PartsVehicleModal
FN:56,(anonymous_3)
FN:76,(anonymous_4)
FN:105,(anonymous_5)
FN:107,(anonymous_6)
FN:124,(anonymous_7)
FN:184,(anonymous_8)
FN:184,(anonymous_9)
FN:197,(anonymous_10)
FN:199,(anonymous_11)
FN:199,(anonymous_12)
FN:251,(anonymous_13)
FN:260,(anonymous_14)
FN:265,(anonymous_15)
FN:265,(anonymous_16)
FN:265,(anonymous_17)
FN:272,(anonymous_18)
FN:272,(anonymous_19)
FN:272,(anonymous_20)
FN:280,(anonymous_21)
FN:280,(anonymous_22)
FN:280,(anonymous_23)
FN:287,(anonymous_24)
FN:287,(anonymous_25)
FN:287,(anonymous_26)
FN:296,(anonymous_27)
FN:296,(anonymous_28)
FN:296,(anonymous_29)
FN:308,(anonymous_30)
FN:308,(anonymous_31)
FNF:32
FNH:0
FNDA:0,newRow
FNDA:0,calcTotals
FNDA:0,PartsVehicleModal
FNDA:0,(anonymous_3)
FNDA:0,(anonymous_4)
FNDA:0,(anonymous_5)
FNDA:0,(anonymous_6)
FNDA:0,(anonymous_7)
FNDA:0,(anonymous_8)
FNDA:0,(anonymous_9)
FNDA:0,(anonymous_10)
FNDA:0,(anonymous_11)
FNDA:0,(anonymous_12)
FNDA:0,(anonymous_13)
FNDA:0,(anonymous_14)
FNDA:0,(anonymous_15)
FNDA:0,(anonymous_16)
FNDA:0,(anonymous_17)
FNDA:0,(anonymous_18)
FNDA:0,(anonymous_19)
FNDA:0,(anonymous_20)
FNDA:0,(anonymous_21)
FNDA:0,(anonymous_22)
FNDA:0,(anonymous_23)
FNDA:0,(anonymous_24)
FNDA:0,(anonymous_25)
FNDA:0,(anonymous_26)
FNDA:0,(anonymous_27)
FNDA:0,(anonymous_28)
FNDA:0,(anonymous_29)
FNDA:0,(anonymous_30)
FNDA:0,(anonymous_31)
DA:15,0
DA:17,0
DA:21,0
DA:22,0
DA:23,0
DA:24,0
DA:25,0
DA:26,0
DA:27,0
DA:29,0
DA:30,0
DA:33,0
DA:44,0
DA:45,0
DA:56,0
DA:57,0
DA:58,0
DA:60,0
DA:61,0
DA:62,0
DA:63,0
DA:65,0
DA:68,0
DA:69,0
DA:70,0
DA:72,0
DA:74,0
DA:76,0
DA:77,0
DA:78,0
DA:79,0
DA:80,0
DA:82,0
DA:94,0
DA:95,0
DA:97,0
DA:98,0
DA:99,0
DA:101,0
DA:105,0
DA:106,0
DA:107,0
DA:115,0
DA:125,0
DA:126,0
DA:184,0
DA:197,0
DA:199,0
DA:251,0
DA:261,0
DA:265,0
DA:272,0
DA:280,0
DA:287,0
DA:296,0
DA:308,0
LF:56
LH:0
BRDA:24,0,0,0
BRDA:24,0,1,0
BRDA:25,1,0,0
BRDA:25,1,1,0
BRDA:46,2,0,0
BRDA:46,2,1,0
BRDA:47,3,0,0
BRDA:47,3,1,0
BRDA:49,4,0,0
BRDA:49,4,1,0
BRDA:50,5,0,0
BRDA:50,5,1,0
BRDA:52,6,0,0
BRDA:52,6,1,0
BRDA:57,7,0,0
BRDA:57,7,1,0
BRDA:57,8,0,0
BRDA:57,8,1,0
BRDA:58,9,0,0
BRDA:58,9,1,0
BRDA:58,9,2,0
BRDA:63,10,0,0
BRDA:63,10,1,0
BRDA:63,11,0,0
BRDA:63,11,1,0
BRDA:68,12,0,0
BRDA:68,12,1,0
BRDA:68,12,2,0
BRDA:74,13,0,0
BRDA:74,13,1,0
BRDA:85,14,0,0
BRDA:85,14,1,0
BRDA:86,15,0,0
BRDA:86,15,1,0
BRDA:87,16,0,0
BRDA:87,16,1,0
BRDA:88,17,0,0
BRDA:88,17,1,0
BRDA:89,18,0,0
BRDA:89,18,1,0
BRDA:91,19,0,0
BRDA:91,19,1,0
BRDA:97,20,0,0
BRDA:97,20,1,0
BRDA:97,20,2,0
BRDA:109,21,0,0
BRDA:109,21,1,0
BRDA:109,22,0,0
BRDA:109,22,1,0
BRDA:110,23,0,0
BRDA:110,23,1,0
BRDA:120,24,0,0
BRDA:120,24,1,0
BRDA:136,25,0,0
BRDA:136,25,1,0
BRDA:183,26,0,0
BRDA:183,26,1,0
BRDA:184,27,0,0
BRDA:184,27,1,0
BRDA:198,28,0,0
BRDA:198,28,1,0
BRDA:203,29,0,0
BRDA:203,29,1,0
BRDA:204,30,0,0
BRDA:204,30,1,0
BRDA:220,31,0,0
BRDA:220,31,1,0
BRDA:234,32,0,0
BRDA:234,32,1,0
BRDA:242,33,0,0
BRDA:242,33,1,0
BRDA:251,34,0,0
BRDA:251,34,1,0
BRDA:265,35,0,0
BRDA:265,35,1,0
BRDA:272,36,0,0
BRDA:272,36,1,0
BRDA:280,37,0,0
BRDA:280,37,1,0
BRDA:281,38,0,0
BRDA:281,38,1,0
BRDA:287,39,0,0
BRDA:287,39,1,0
BRDA:288,40,0,0
BRDA:288,40,1,0
BRDA:293,41,0,0
BRDA:293,41,1,0
BRDA:315,42,0,0
BRDA:315,42,1,0
BRDA:333,43,0,0
BRDA:333,43,1,0
BRDA:356,44,0,0
BRDA:356,44,1,0
BRDA:356,45,0,0
BRDA:356,45,1,0
BRF:95
BRH:0
end_of_record
TN:
SF:src\components\parts\PhotoGallery.tsx
FN:12,PhotoGallery
FN:26,(anonymous_1)
FN:28,(anonymous_2)
FN:29,(anonymous_3)
FN:31,(anonymous_4)
FN:35,(anonymous_5)
FN:37,(anonymous_6)
FN:38,(anonymous_7)
FN:40,(anonymous_8)
FN:44,(anonymous_9)
FN:49,(anonymous_10)
FN:51,(anonymous_11)
FN:58,(anonymous_12)
FN:60,(anonymous_13)
FN:66,(anonymous_14)
FN:70,(anonymous_15)
FN:76,(anonymous_16)
FN:84,(anonymous_17)
FN:89,(anonymous_18)
FN:99,(anonymous_19)
FN:103,(anonymous_20)
FN:117,(anonymous_21)
FN:121,(anonymous_22)
FN:144,(anonymous_23)
FN:170,(anonymous_24)
FN:177,(anonymous_25)
FN:193,(anonymous_26)
FN:196,(anonymous_27)
FN:253,(anonymous_28)
FN:259,(anonymous_29)
FN:276,(anonymous_30)
FN:297,(anonymous_31)
FN:300,(anonymous_32)
FNF:33
FNH:0
FNDA:0,PhotoGallery
FNDA:0,(anonymous_1)
FNDA:0,(anonymous_2)
FNDA:0,(anonymous_3)
FNDA:0,(anonymous_4)
FNDA:0,(anonymous_5)
FNDA:0,(anonymous_6)
FNDA:0,(anonymous_7)
FNDA:0,(anonymous_8)
FNDA:0,(anonymous_9)
FNDA:0,(anonymous_10)
FNDA:0,(anonymous_11)
FNDA:0,(anonymous_12)
FNDA:0,(anonymous_13)
FNDA:0,(anonymous_14)
FNDA:0,(anonymous_15)
FNDA:0,(anonymous_16)
FNDA:0,(anonymous_17)
FNDA:0,(anonymous_18)
FNDA:0,(anonymous_19)
FNDA:0,(anonymous_20)
FNDA:0,(anonymous_21)
FNDA:0,(anonymous_22)
FNDA:0,(anonymous_23)
FNDA:0,(anonymous_24)
FNDA:0,(anonymous_25)
FNDA:0,(anonymous_26)
FNDA:0,(anonymous_27)
FNDA:0,(anonymous_28)
FNDA:0,(anonymous_29)
FNDA:0,(anonymous_30)
FNDA:0,(anonymous_31)
FNDA:0,(anonymous_32)
DA:13,0
DA:14,0
DA:17,0
DA:18,0
DA:19,0
DA:20,0
DA:22,0
DA:26,0
DA:27,0
DA:28,0
DA:29,0
DA:31,0
DA:35,0
DA:36,0
DA:37,0
DA:38,0
DA:40,0
DA:44,0
DA:45,0
DA:46,0
DA:49,0
DA:51,0
DA:52,0
DA:53,0
DA:58,0
DA:59,0
DA:60,0
DA:61,0
DA:62,0
DA:63,0
DA:65,0
DA:66,0
DA:70,0
DA:71,0
DA:72,0
DA:74,0
DA:76,0
DA:80,0
DA:81,0
DA:84,0
DA:85,0
DA:86,0
DA:89,0
DA:90,0
DA:91,0
DA:92,0
DA:95,0
DA:99,0
DA:100,0
DA:101,0
DA:103,0
DA:104,0
DA:105,0
DA:106,0
DA:107,0
DA:108,0
DA:109,0
DA:111,0
DA:112,0
DA:117,0
DA:118,0
DA:119,0
DA:121,0
DA:122,0
DA:123,0
DA:124,0
DA:125,0
DA:126,0
DA:127,0
DA:129,0
DA:130,0
DA:134,0
DA:144,0
DA:170,0
DA:177,0
DA:194,0
DA:196,0
DA:253,0
DA:259,0
DA:276,0
DA:298,0
DA:300,0
LF:82
LH:0
BRDA:12,0,0,0
BRDA:12,1,0,0
BRDA:26,2,0,0
BRDA:27,3,0,0
BRDA:27,3,1,0
BRDA:28,4,0,0
BRDA:28,4,1,0
BRDA:35,5,0,0
BRDA:36,6,0,0
BRDA:36,6,1,0
BRDA:37,7,0,0
BRDA:37,7,1,0
BRDA:53,8,0,0
BRDA:53,8,1,0
BRDA:59,9,0,0
BRDA:59,9,1,0
BRDA:61,10,0,0
BRDA:61,10,1,0
BRDA:62,11,0,0
BRDA:62,11,1,0
BRDA:63,12,0,0
BRDA:63,12,1,0
BRDA:71,13,0,0
BRDA:71,13,1,0
BRDA:90,14,0,0
BRDA:90,14,1,0
BRDA:95,15,0,0
BRDA:95,15,1,0
BRDA:104,16,0,0
BRDA:104,16,1,0
BRDA:106,17,0,0
BRDA:106,17,1,0
BRDA:107,18,0,0
BRDA:107,18,1,0
BRDA:107,19,0,0
BRDA:107,19,1,0
BRDA:108,20,0,0
BRDA:108,20,1,0
BRDA:122,21,0,0
BRDA:122,21,1,0
BRDA:124,22,0,0
BRDA:124,22,1,0
BRDA:125,23,0,0
BRDA:125,23,1,0
BRDA:125,24,0,0
BRDA:125,24,1,0
BRDA:126,25,0,0
BRDA:126,25,1,0
BRDA:160,26,0,0
BRDA:160,26,1,0
BRDA:167,27,0,0
BRDA:167,27,1,0
BRDA:188,28,0,0
BRDA:188,28,1,0
BRDA:200,29,0,0
BRDA:200,29,1,0
BRDA:207,30,0,0
BRDA:207,30,1,0
BRDA:219,31,0,0
BRDA:219,31,1,0
BRDA:257,32,0,0
BRDA:257,32,1,0
BRDA:274,33,0,0
BRDA:274,33,1,0
BRDA:292,34,0,0
BRDA:292,34,1,0
BRDA:304,35,0,0
BRDA:304,35,1,0
BRDA:311,36,0,0
BRDA:311,36,1,0
BRF:70
BRH:0
end_of_record
TN:
SF:src\components\personal-vehicles\ExpenseCategory.tsx
FN:15,ExpenseCategory
FN:23,(anonymous_1)
FN:24,(anonymous_2)
FN:66,(anonymous_3)
FN:69,(anonymous_4)
FNF:5
FNH:0
FNDA:0,ExpenseCategory
FNDA:0,(anonymous_1)
FNDA:0,(anonymous_2)
FNDA:0,(anonymous_3)
FNDA:0,(anonymous_4)
DA:23,0
DA:24,0
DA:25,0
DA:26,0
DA:30,0
DA:32,0
DA:67,0
DA:69,0
LF:8
LH:0
BRDA:25,0,0,0
BRDA:25,0,1,0
BRDA:25,1,0,0
BRDA:25,1,1,0
BRDA:36,2,0,0
BRDA:36,2,1,0
BRDA:47,3,0,0
BRDA:47,3,1,0
BRDA:58,4,0,0
BRDA:58,4,1,0
BRDA:69,5,0,0
BRDA:69,5,1,0
BRDA:71,6,0,0
BRDA:71,6,1,0
BRDA:75,7,0,0
BRDA:75,7,1,0
BRDA:77,8,0,0
BRDA:77,8,1,0
BRDA:88,9,0,0
BRDA:88,9,1,0
BRDA:88,10,0,0
BRDA:88,10,1,0
BRF:22
BRH:0
end_of_record
TN:
SF:src\components\personal-vehicles\ExpenseModal.tsx
FN:26,ExpenseModal
FN:40,(anonymous_1)
FN:65,(anonymous_2)
FN:66,(anonymous_3)
FN:103,(anonymous_4)
FN:114,(anonymous_5)
FN:115,(anonymous_6)
FN:115,(anonymous_7)
FN:120,(anonymous_8)
FN:121,(anonymous_9)
FN:121,(anonymous_10)
FN:126,(anonymous_11)
FN:128,(anonymous_12)
FN:129,(anonymous_13)
FN:149,(anonymous_14)
FN:182,(anonymous_15)
FN:202,(anonymous_16)
FN:228,(anonymous_17)
FN:236,(anonymous_18)
FN:247,(anonymous_19)
FN:259,(anonymous_20)
FN:281,(anonymous_21)
FN:285,(anonymous_22)
FN:303,(anonymous_23)
FN:329,(anonymous_24)
FN:347,(anonymous_25)
FN:360,(anonymous_26)
FN:376,(anonymous_27)
FN:405,(anonymous_28)
FN:427,(anonymous_29)
FN:445,(anonymous_30)
FNF:31
FNH:0
FNDA:0,ExpenseModal
FNDA:0,(anonymous_1)
FNDA:0,(anonymous_2)
FNDA:0,(anonymous_3)
FNDA:0,(anonymous_4)
FNDA:0,(anonymous_5)
FNDA:0,(anonymous_6)
FNDA:0,(anonymous_7)
FNDA:0,(anonymous_8)
FNDA:0,(anonymous_9)
FNDA:0,(anonymous_10)
FNDA:0,(anonymous_11)
FNDA:0,(anonymous_12)
FNDA:0,(anonymous_13)
FNDA:0,(anonymous_14)
FNDA:0,(anonymous_15)
FNDA:0,(anonymous_16)
FNDA:0,(anonymous_17)
FNDA:0,(anonymous_18)
FNDA:0,(anonymous_19)
FNDA:0,(anonymous_20)
FNDA:0,(anonymous_21)
FNDA:0,(anonymous_22)
FNDA:0,(anonymous_23)
FNDA:0,(anonymous_24)
FNDA:0,(anonymous_25)
FNDA:0,(anonymous_26)
FNDA:0,(anonymous_27)
FNDA:0,(anonymous_28)
FNDA:0,(anonymous_29)
FNDA:0,(anonymous_30)
DA:27,0
DA:28,0
DA:29,0
DA:30,0
DA:31,0
DA:32,0
DA:33,0
DA:40,0
DA:41,0
DA:42,0
DA:43,0
DA:44,0
DA:45,0
DA:52,0
DA:53,0
DA:54,0
DA:55,0
DA:56,0
DA:65,0
DA:66,0
DA:67,0
DA:69,0
DA:71,0
DA:72,0
DA:74,0
DA:77,0
DA:79,0
DA:81,0
DA:82,0
DA:83,0
DA:86,0
DA:87,0
DA:90,0
DA:92,0
DA:100,0
DA:103,0
DA:104,0
DA:105,0
DA:106,0
DA:107,0
DA:108,0
DA:110,0
DA:111,0
DA:114,0
DA:115,0
DA:116,0
DA:120,0
DA:121,0
DA:122,0
DA:126,0
DA:127,0
DA:128,0
DA:129,0
DA:138,0
DA:139,0
DA:140,0
DA:143,0
DA:144,0
DA:145,0
DA:149,0
DA:150,0
DA:152,0
DA:153,0
DA:154,0
DA:155,0
DA:158,0
DA:167,0
DA:168,0
DA:171,0
DA:173,0
DA:183,0
DA:184,0
DA:202,0
DA:229,0
DA:236,0
DA:247,0
DA:259,0
DA:281,0
DA:286,0
DA:287,0
DA:303,0
DA:329,0
DA:347,0
DA:360,0
DA:376,0
DA:405,0
DA:428,0
DA:429,0
DA:430,0
DA:431,0
DA:432,0
DA:434,0
DA:435,0
DA:436,0
DA:445,0
LF:95
LH:0
BRDA:41,0,0,0
BRDA:41,0,1,0
BRDA:49,1,0,0
BRDA:49,1,1,0
BRDA:72,2,0,0
BRDA:72,2,1,0
BRDA:79,3,0,0
BRDA:79,3,1,0
BRDA:79,4,0,0
BRDA:79,4,1,0
BRDA:90,5,0,0
BRDA:90,5,1,0
BRDA:90,6,0,0
BRDA:90,6,1,0
BRDA:90,6,2,0
BRDA:106,7,0,0
BRDA:106,7,1,0
BRDA:116,8,0,0
BRDA:116,8,1,0
BRDA:122,9,0,0
BRDA:122,9,1,0
BRDA:135,10,0,0
BRDA:135,10,1,0
BRDA:138,11,0,0
BRDA:138,11,1,0
BRDA:143,12,0,0
BRDA:143,12,1,0
BRDA:153,13,0,0
BRDA:153,13,1,0
BRDA:153,14,0,0
BRDA:153,14,1,0
BRDA:159,15,0,0
BRDA:159,15,1,0
BRDA:164,16,0,0
BRDA:164,16,1,0
BRDA:171,17,0,0
BRDA:171,17,1,0
BRDA:178,18,0,0
BRDA:178,18,1,0
BRDA:194,19,0,0
BRDA:194,19,1,0
BRDA:194,19,2,0
BRDA:194,19,3,0
BRDA:206,20,0,0
BRDA:206,20,1,0
BRDA:220,21,0,0
BRDA:220,21,1,0
BRDA:249,22,0,0
BRDA:249,22,1,0
BRDA:261,23,0,0
BRDA:261,23,1,0
BRDA:295,24,0,0
BRDA:295,24,1,0
BRDA:369,25,0,0
BRDA:369,25,1,0
BRDA:392,26,0,0
BRDA:392,26,1,0
BRDA:402,27,0,0
BRDA:402,27,1,0
BRDA:419,28,0,0
BRDA:419,28,1,0
BRF:61
BRH:0
end_of_record
TN:
SF:src\components\personal-vehicles\PersonalVehicleExpenses.tsx
FN:15,PersonalVehicleExpenses
FN:23,(anonymous_1)
FN:45,(anonymous_2)
FN:66,(anonymous_3)
FN:107,(anonymous_4)
FN:142,(anonymous_5)
FN:143,(anonymous_6)
FN:144,(anonymous_7)
FN:152,(anonymous_8)
FN:153,(anonymous_9)
FN:154,(anonymous_10)
FN:162,(anonymous_11)
FN:163,(anonymous_12)
FN:164,(anonymous_13)
FN:172,(anonymous_14)
FN:173,(anonymous_15)
FN:174,(anonymous_16)
FN:183,(anonymous_17)
FN:211,(anonymous_18)
FN:228,(anonymous_19)
FNF:20
FNH:0
FNDA:0,PersonalVehicleExpenses
FNDA:0,(anonymous_1)
FNDA:0,(anonymous_2)
FNDA:0,(anonymous_3)
FNDA:0,(anonymous_4)
FNDA:0,(anonymous_5)
FNDA:0,(anonymous_6)
FNDA:0,(anonymous_7)
FNDA:0,(anonymous_8)
FNDA:0,(anonymous_9)
FNDA:0,(anonymous_10)
FNDA:0,(anonymous_11)
FNDA:0,(anonymous_12)
FNDA:0,(anonymous_13)
FNDA:0,(anonymous_14)
FNDA:0,(anonymous_15)
FNDA:0,(anonymous_16)
FNDA:0,(anonymous_17)
FNDA:0,(anonymous_18)
FNDA:0,(anonymous_19)
DA:16,0
DA:17,0
DA:18,0
DA:19,0
DA:20,0
DA:21,0
DA:23,0
DA:24,0
DA:25,0
DA:26,0
DA:27,0
DA:28,0
DA:31,0
DA:32,0
DA:33,0
DA:34,0
DA:35,0
DA:36,0
DA:38,0
DA:39,0
DA:41,0
DA:45,0
DA:46,0
DA:48,0
DA:49,0
DA:50,0
DA:51,0
DA:53,0
DA:55,0
DA:56,0
DA:57,0
DA:59,0
DA:60,0
DA:62,0
DA:66,0
DA:67,0
DA:69,0
DA:70,0
DA:72,0
DA:73,0
DA:75,0
DA:76,0
DA:78,0
DA:79,0
DA:81,0
DA:107,0
DA:108,0
DA:110,0
DA:111,0
DA:112,0
DA:113,0
DA:114,0
DA:116,0
DA:117,0
DA:119,0
DA:123,0
DA:142,0
DA:143,0
DA:144,0
DA:152,0
DA:153,0
DA:154,0
DA:162,0
DA:163,0
DA:164,0
DA:172,0
DA:173,0
DA:174,0
DA:184,0
DA:185,0
DA:211,0
DA:228,0
LF:72
LH:0
BRDA:18,0,0,0
BRDA:18,0,1,0
BRDA:26,1,0,0
BRDA:26,1,1,0
BRDA:26,2,0,0
BRDA:26,2,1,0
BRDA:46,3,0,0
BRDA:46,3,1,0
BRDA:50,4,0,0
BRDA:50,4,1,0
BRDA:67,5,0,0
BRDA:67,5,1,0
BRDA:108,6,0,0
BRDA:108,6,1,0
BRDA:129,7,0,0
BRDA:129,7,1,0
BRDA:141,8,0,0
BRDA:141,8,1,0
BRDA:151,9,0,0
BRDA:151,9,1,0
BRDA:161,10,0,0
BRDA:161,10,1,0
BRDA:171,11,0,0
BRDA:171,11,1,0
BRDA:180,12,0,0
BRDA:180,12,1,0
BRDA:197,13,0,0
BRDA:197,13,1,0
BRDA:224,14,0,0
BRDA:224,14,1,0
BRF:30
BRH:0
end_of_record
TN:
SF:src\components\personal-vehicles\PersonalVehicleModal.tsx
FN:15,PersonalVehicleModal
FN:29,(anonymous_1)
FN:51,(anonymous_2)
FN:111,(anonymous_3)
FN:130,(anonymous_4)
FN:146,(anonymous_5)
FN:161,(anonymous_6)
FN:180,(anonymous_7)
FN:199,(anonymous_8)
FNF:9
FNH:0
FNDA:0,PersonalVehicleModal
FNDA:0,(anonymous_1)
FNDA:0,(anonymous_2)
FNDA:0,(anonymous_3)
FNDA:0,(anonymous_4)
FNDA:0,(anonymous_5)
FNDA:0,(anonymous_6)
FNDA:0,(anonymous_7)
FNDA:0,(anonymous_8)
DA:16,0
DA:17,0
DA:24,0
DA:25,0
DA:27,0
DA:29,0
DA:30,0
DA:31,0
DA:33,0
DA:34,0
DA:35,0
DA:36,0
DA:39,0
DA:40,0
DA:41,0
DA:42,0
DA:44,0
DA:45,0
DA:47,0
DA:51,0
DA:52,0
DA:54,0
DA:55,0
DA:56,0
DA:59,0
DA:60,0
DA:61,0
DA:64,0
DA:65,0
DA:66,0
DA:69,0
DA:70,0
DA:71,0
DA:74,0
DA:75,0
DA:76,0
DA:77,0
DA:83,0
DA:84,0
DA:87,0
DA:95,0
DA:96,0
DA:98,0
DA:102,0
DA:104,0
DA:112,0
DA:113,0
DA:130,0
DA:146,0
DA:161,0
DA:180,0
DA:199,0
LF:52
LH:0
BRDA:31,0,0,0
BRDA:31,0,1,0
BRDA:34,1,0,0
BRDA:34,1,1,0
BRDA:35,2,0,0
BRDA:35,2,1,0
BRDA:54,3,0,0
BRDA:54,3,1,0
BRDA:59,4,0,0
BRDA:59,4,1,0
BRDA:59,5,0,0
BRDA:59,5,1,0
BRDA:64,6,0,0
BRDA:64,6,1,0
BRDA:64,7,0,0
BRDA:64,7,1,0
BRDA:69,8,0,0
BRDA:69,8,1,0
BRDA:69,9,0,0
BRDA:69,9,1,0
BRDA:79,10,0,0
BRDA:79,10,1,0
BRDA:80,11,0,0
BRDA:80,11,1,0
BRDA:102,12,0,0
BRDA:102,12,1,0
BRDA:166,13,0,0
BRDA:166,13,1,0
BRDA:166,13,2,0
BRDA:179,14,0,0
BRDA:179,14,1,0
BRDA:180,15,0,0
BRDA:180,15,1,0
BRDA:190,16,0,0
BRDA:190,16,1,0
BRDA:210,17,0,0
BRDA:210,17,1,0
BRDA:227,18,0,0
BRDA:227,18,1,0
BRDA:230,19,0,0
BRDA:230,19,1,0
BRF:41
BRH:0
end_of_record
TN:
SF:src\components\personal-vehicles\ShareLinkModal.tsx
FN:18,ShareLinkModal
FN:27,(anonymous_1)
FN:32,(anonymous_2)
FN:43,(anonymous_3)
FN:47,(anonymous_4)
FN:54,(anonymous_5)
FN:55,(anonymous_6)
FN:58,(anonymous_7)
FN:64,(anonymous_8)
FN:70,(anonymous_9)
FN:80,(anonymous_10)
FN:94,(anonymous_11)
FN:110,(anonymous_12)
FN:120,(anonymous_13)
FN:130,(anonymous_14)
FN:141,(anonymous_15)
FN:154,(anonymous_16)
FN:162,(anonymous_17)
FN:180,(anonymous_18)
FN:212,(anonymous_19)
FN:219,(anonymous_20)
FNF:21
FNH:0
FNDA:0,ShareLinkModal
FNDA:0,(anonymous_1)
FNDA:0,(anonymous_2)
FNDA:0,(anonymous_3)
FNDA:0,(anonymous_4)
FNDA:0,(anonymous_5)
FNDA:0,(anonymous_6)
FNDA:0,(anonymous_7)
FNDA:0,(anonymous_8)
FNDA:0,(anonymous_9)
FNDA:0,(anonymous_10)
FNDA:0,(anonymous_11)
FNDA:0,(anonymous_12)
FNDA:0,(anonymous_13)
FNDA:0,(anonymous_14)
FNDA:0,(anonymous_15)
FNDA:0,(anonymous_16)
FNDA:0,(anonymous_17)
FNDA:0,(anonymous_18)
FNDA:0,(anonymous_19)
FNDA:0,(anonymous_20)
DA:19,0
DA:20,0
DA:21,0
DA:22,0
DA:23,0
DA:25,0
DA:27,0
DA:31,0
DA:34,0
DA:35,0
DA:36,0
DA:37,0
DA:39,0
DA:41,0
DA:44,0
DA:45,0
DA:48,0
DA:49,0
DA:53,0
DA:54,0
DA:56,0
DA:59,0
DA:60,0
DA:64,0
DA:65,0
DA:66,0
DA:67,0
DA:70,0
DA:71,0
DA:80,0
DA:81,0
DA:82,0
DA:85,0
DA:87,0
DA:95,0
DA:96,0
DA:110,0
DA:120,0
DA:130,0
DA:141,0
DA:154,0
DA:162,0
DA:181,0
DA:212,0
DA:220,0
DA:221,0
DA:222,0
LF:47
LH:0
BRDA:25,0,0,0
BRDA:34,1,0,0
BRDA:34,1,1,0
BRDA:36,2,0,0
BRDA:36,2,1,0
BRDA:81,3,0,0
BRDA:81,3,1,0
BRDA:85,4,0,0
BRDA:85,4,1,0
BRDA:112,5,0,0
BRDA:112,5,1,0
BRDA:122,6,0,0
BRDA:122,6,1,0
BRDA:132,7,0,0
BRDA:132,7,1,0
BRDA:145,8,0,0
BRDA:145,8,1,0
BRDA:148,9,0,0
BRDA:148,9,1,0
BRDA:174,10,0,0
BRDA:174,10,1,0
BRDA:176,11,0,0
BRDA:176,11,1,0
BRDA:184,12,0,0
BRDA:184,12,1,0
BRDA:194,13,0,0
BRDA:194,13,1,0
BRDA:199,14,0,0
BRDA:199,14,1,0
BRDA:206,15,0,0
BRDA:206,15,1,0
BRDA:221,16,0,0
BRDA:221,16,1,0
BRF:33
BRH:0
end_of_record
TN:
SF:src\components\personal-vehicles\VehicleGallery.tsx
FN:17,VehicleGallery
FN:26,(anonymous_1)
FN:72,(anonymous_2)
FN:87,(anonymous_3)
FN:93,(anonymous_4)
FN:99,(anonymous_5)
FN:111,(anonymous_6)
FN:114,(anonymous_7)
FN:124,(anonymous_8)
FN:127,(anonymous_9)
FN:180,(anonymous_10)
FN:184,(anonymous_11)
FN:205,(anonymous_12)
FN:245,(anonymous_13)
FN:254,(anonymous_14)
FNF:15
FNH:0
FNDA:0,VehicleGallery
FNDA:0,(anonymous_1)
FNDA:0,(anonymous_2)
FNDA:0,(anonymous_3)
FNDA:0,(anonymous_4)
FNDA:0,(anonymous_5)
FNDA:0,(anonymous_6)
FNDA:0,(anonymous_7)
FNDA:0,(anonymous_8)
FNDA:0,(anonymous_9)
FNDA:0,(anonymous_10)
FNDA:0,(anonymous_11)
FNDA:0,(anonymous_12)
FNDA:0,(anonymous_13)
FNDA:0,(anonymous_14)
DA:18,0
DA:19,0
DA:20,0
DA:21,0
DA:22,0
DA:24,0
DA:26,0
DA:27,0
DA:29,0
DA:30,0
DA:32,0
DA:33,0
DA:34,0
DA:36,0
DA:37,0
DA:38,0
DA:39,0
DA:42,0
DA:44,0
DA:50,0
DA:51,0
DA:54,0
DA:56,0
DA:57,0
DA:59,0
DA:60,0
DA:64,0
DA:72,0
DA:73,0
DA:75,0
DA:76,0
DA:77,0
DA:78,0
DA:79,0
DA:82,0
DA:83,0
DA:87,0
DA:88,0
DA:89,0
DA:90,0
DA:93,0
DA:94,0
DA:95,0
DA:96,0
DA:99,0
DA:100,0
DA:102,0
DA:103,0
DA:104,0
DA:105,0
DA:106,0
DA:107,0
DA:111,0
DA:112,0
DA:113,0
DA:114,0
DA:118,0
DA:125,0
DA:127,0
DA:181,0
DA:184,0
DA:205,0
DA:245,0
DA:254,0
LF:64
LH:0
BRDA:27,0,0,0
BRDA:27,0,1,0
BRDA:37,1,0,0
BRDA:37,1,1,0
BRDA:73,2,0,0
BRDA:73,2,1,0
BRDA:78,3,0,0
BRDA:78,3,1,0
BRDA:78,4,0,0
BRDA:78,4,1,0
BRDA:88,5,0,0
BRDA:88,5,1,0
BRDA:89,6,0,0
BRDA:89,6,1,0
BRDA:94,7,0,0
BRDA:94,7,1,0
BRDA:95,8,0,0
BRDA:95,8,1,0
BRDA:100,9,0,0
BRDA:100,9,1,0
BRDA:102,10,0,0
BRDA:102,10,1,0
BRDA:104,11,0,0
BRDA:104,11,1,0
BRDA:106,12,0,0
BRDA:106,12,1,0
BRDA:112,13,0,0
BRDA:112,13,1,0
BRDA:129,14,0,0
BRDA:129,14,1,0
BRDA:134,15,0,0
BRDA:134,15,1,0
BRDA:140,16,0,0
BRDA:140,16,1,0
BRDA:144,17,0,0
BRDA:144,17,1,0
BRDA:151,18,0,0
BRDA:151,18,1,0
BRDA:164,19,0,0
BRDA:164,19,1,0
BRDA:174,20,0,0
BRDA:174,20,1,0
BRDA:188,21,0,0
BRDA:188,21,1,0
BRDA:202,22,0,0
BRDA:202,22,1,0
BRDA:243,23,0,0
BRDA:243,23,1,0
BRF:48
BRH:0
end_of_record
TN:
SF:src\components\ui\ConfirmDialog.tsx
FN:15,ConfirmDialog
FN:27,(anonymous_1)
FN:29,(anonymous_2)
FN:33,(anonymous_3)
FN:34,(anonymous_4)
FN:40,(anonymous_5)
FNF:6
FNH:0
FNDA:0,ConfirmDialog
FNDA:0,(anonymous_1)
FNDA:0,(anonymous_2)
FNDA:0,(anonymous_3)
FNDA:0,(anonymous_4)
FNDA:0,(anonymous_5)
DA:25,0
DA:27,0
DA:28,0
DA:29,0
DA:33,0
DA:34,0
DA:35,0
DA:36,0
DA:37,0
DA:39,0
DA:40,0
DA:43,0
DA:45,0
LF:13
LH:0
BRDA:17,0,0,0
BRDA:19,1,0,0
BRDA:20,2,0,0
BRDA:21,3,0,0
BRDA:28,4,0,0
BRDA:28,4,1,0
BRDA:35,5,0,0
BRDA:35,5,1,0
BRDA:36,6,0,0
BRDA:36,6,1,0
BRDA:37,7,0,0
BRDA:37,7,1,0
BRDA:43,8,0,0
BRDA:43,8,1,0
BRDA:55,9,0,0
BRDA:55,9,1,0
BRDA:56,10,0,0
BRDA:56,10,1,0
BRDA:74,11,0,0
BRDA:74,11,1,0
BRF:20
BRH:0
end_of_record
TN:
SF:src\components\work-orders\PartsManager.tsx
FN:19,PartsManager
FN:30,(anonymous_1)
FN:45,(anonymous_2)
FN:69,(anonymous_3)
FN:79,(anonymous_4)
FN:91,(anonymous_5)
FN:92,(anonymous_6)
FN:95,(anonymous_7)
FN:101,(anonymous_8)
FN:110,(anonymous_9)
FN:129,(anonymous_10)
FN:144,(anonymous_11)
FN:160,(anonymous_12)
FN:167,(anonymous_13)
FN:184,(anonymous_14)
FN:233,(anonymous_15)
FN:251,(anonymous_16)
FN:259,(anonymous_17)
FNF:18
FNH:0
FNDA:0,PartsManager
FNDA:0,(anonymous_1)
FNDA:0,(anonymous_2)
FNDA:0,(anonymous_3)
FNDA:0,(anonymous_4)
FNDA:0,(anonymous_5)
FNDA:0,(anonymous_6)
FNDA:0,(anonymous_7)
FNDA:0,(anonymous_8)
FNDA:0,(anonymous_9)
FNDA:0,(anonymous_10)
FNDA:0,(anonymous_11)
FNDA:0,(anonymous_12)
FNDA:0,(anonymous_13)
FNDA:0,(anonymous_14)
FNDA:0,(anonymous_15)
FNDA:0,(anonymous_16)
FNDA:0,(anonymous_17)
DA:20,0
DA:21,0
DA:22,0
DA:30,0
DA:37,0
DA:38,0
DA:40,0
DA:42,0
DA:45,0
DA:46,0
DA:48,0
DA:49,0
DA:50,0
DA:52,0
DA:53,0
DA:56,0
DA:58,0
DA:68,0
DA:69,0
DA:70,0
DA:72,0
DA:75,0
DA:76,0
DA:79,0
DA:80,0
DA:87,0
DA:88,0
DA:91,0
DA:92,0
DA:95,0
DA:96,0
DA:97,0
DA:98,0
DA:101,0
DA:103,0
DA:110,0
DA:129,0
DA:144,0
DA:160,0
DA:167,0
DA:184,0
DA:234,0
DA:251,0
DA:259,0
LF:44
LH:0
BRDA:37,0,0,0
BRDA:37,0,1,0
BRDA:52,1,0,0
BRDA:52,1,1,0
BRDA:52,2,0,0
BRDA:52,2,1,0
BRDA:52,2,2,0
BRDA:52,2,3,0
BRDA:59,3,0,0
BRDA:59,3,1,0
BRDA:68,4,0,0
BRDA:68,4,1,0
BRDA:69,5,0,0
BRDA:69,5,1,0
BRDA:107,6,0,0
BRDA:107,6,1,0
BRDA:119,7,0,0
BRDA:119,7,1,0
BRDA:196,8,0,0
BRDA:196,8,1,0
BRDA:196,9,0,0
BRDA:196,9,1,0
BRDA:196,9,2,0
BRDA:213,10,0,0
BRDA:213,10,1,0
BRDA:226,11,0,0
BRDA:226,11,1,0
BRDA:239,12,0,0
BRDA:239,12,1,0
BRF:29
BRH:0
end_of_record
TN:
SF:src\components\work-orders\ReassignWorkerModal.tsx
FN:19,ReassignWorkerModalWO
FN:33,(anonymous_1)
FN:51,(anonymous_2)
FN:72,(anonymous_3)
FN:80,(anonymous_4)
FN:86,(anonymous_5)
FN:93,(anonymous_6)
FN:108,(anonymous_7)
FN:142,(anonymous_8)
FN:147,(anonymous_9)
FNF:10
FNH:0
FNDA:0,ReassignWorkerModalWO
FNDA:0,(anonymous_1)
FNDA:0,(anonymous_2)
FNDA:0,(anonymous_3)
FNDA:0,(anonymous_4)
FNDA:0,(anonymous_5)
FNDA:0,(anonymous_6)
FNDA:0,(anonymous_7)
FNDA:0,(anonymous_8)
FNDA:0,(anonymous_9)
DA:26,0
DA:27,0
DA:28,0
DA:31,0
DA:35,0
DA:41,0
DA:44,0
DA:49,0
DA:51,0
DA:54,0
DA:61,0
DA:62,0
DA:63,0
DA:66,0
DA:71,0
DA:73,0
DA:78,0
DA:81,0
DA:82,0
DA:83,0
DA:84,0
DA:87,0
DA:91,0
DA:93,0
DA:94,0
DA:95,0
DA:96,0
DA:100,0
DA:109,0
DA:110,0
DA:142,0
DA:148,0
LF:32
LH:0
BRDA:26,0,0,0
BRDA:26,0,1,0
BRDA:31,1,0,0
BRDA:41,2,0,0
BRDA:41,2,1,0
BRDA:49,3,0,0
BRDA:49,3,1,0
BRDA:61,4,0,0
BRDA:61,4,1,0
BRDA:68,5,0,0
BRDA:68,5,1,0
BRDA:78,6,0,0
BRDA:78,6,1,0
BRDA:91,7,0,0
BRDA:91,7,1,0
BRDA:95,8,0,0
BRDA:95,8,1,0
BRDA:95,9,0,0
BRDA:95,9,1,0
BRDA:133,10,0,0
BRDA:133,10,1,0
BRDA:137,11,0,0
BRDA:137,11,1,0
BRDA:149,12,0,0
BRDA:149,12,1,0
BRDA:150,13,0,0
BRDA:150,13,1,0
BRDA:169,14,0,0
BRDA:169,14,1,0
BRDA:169,14,2,0
BRDA:175,15,0,0
BRDA:175,15,1,0
BRF:32
BRH:0
end_of_record
TN:
SF:src\components\work-orders\WorkOrderModal.tsx
FN:29,WorkOrderModal
FN:44,(anonymous_1)
FN:59,(anonymous_2)
FN:74,(anonymous_3)
FN:89,(anonymous_4)
FN:96,(anonymous_5)
FN:97,(anonymous_6)
FN:133,(anonymous_7)
FN:140,(anonymous_8)
FN:147,(anonymous_9)
FN:167,(anonymous_10)
FN:185,(anonymous_11)
FN:198,(anonymous_12)
FN:212,(anonymous_13)
FN:222,(anonymous_14)
FN:233,(anonymous_15)
FNF:16
FNH:0
FNDA:0,WorkOrderModal
FNDA:0,(anonymous_1)
FNDA:0,(anonymous_2)
FNDA:0,(anonymous_3)
FNDA:0,(anonymous_4)
FNDA:0,(anonymous_5)
FNDA:0,(anonymous_6)
FNDA:0,(anonymous_7)
FNDA:0,(anonymous_8)
FNDA:0,(anonymous_9)
FNDA:0,(anonymous_10)
FNDA:0,(anonymous_11)
FNDA:0,(anonymous_12)
FNDA:0,(anonymous_13)
FNDA:0,(anonymous_14)
FNDA:0,(anonymous_15)
DA:27,0
DA:30,0
DA:31,0
DA:33,0
DA:42,0
DA:45,0
DA:46,0
DA:52,0
DA:53,0
DA:59,0
DA:60,0
DA:61,0
DA:62,0
DA:63,0
DA:64,0
DA:65,0
DA:67,0
DA:74,0
DA:75,0
DA:76,0
DA:89,0
DA:90,0
DA:91,0
DA:95,0
DA:97,0
DA:99,0
DA:112,0
DA:113,0
DA:120,0
DA:121,0
DA:123,0
DA:129,0
DA:130,0
DA:134,0
DA:135,0
DA:136,0
DA:137,0
DA:138,0
DA:141,0
DA:145,0
DA:147,0
DA:148,0
DA:149,0
DA:152,0
DA:168,0
DA:169,0
DA:186,0
DA:198,0
DA:212,0
DA:222,0
DA:233,0
LF:51
LH:0
BRDA:45,0,0,0
BRDA:45,0,1,0
BRDA:52,1,0,0
BRDA:52,1,1,0
BRDA:60,2,0,0
BRDA:60,2,1,0
BRDA:60,3,0,0
BRDA:60,3,1,0
BRDA:62,4,0,0
BRDA:62,4,1,0
BRDA:75,5,0,0
BRDA:75,5,1,0
BRDA:80,6,0,0
BRDA:80,6,1,0
BRDA:81,7,0,0
BRDA:81,7,1,0
BRDA:90,8,0,0
BRDA:90,8,1,0
BRDA:90,9,0,0
BRDA:90,9,1,0
BRDA:112,10,0,0
BRDA:112,10,1,0
BRDA:120,11,0,0
BRDA:120,11,1,0
BRDA:129,12,0,0
BRDA:129,12,1,0
BRDA:136,13,0,0
BRDA:136,13,1,0
BRDA:145,14,0,0
BRDA:145,14,1,0
BRDA:159,15,0,0
BRDA:159,15,1,0
BRDA:162,16,0,0
BRDA:162,16,1,0
BRDA:192,17,0,0
BRDA:192,17,1,0
BRDA:204,18,0,0
BRDA:204,18,1,0
BRDA:226,19,0,0
BRDA:226,19,1,0
BRDA:259,20,0,0
BRDA:259,20,1,0
BRDA:259,20,2,0
BRDA:262,21,0,0
BRDA:262,21,1,0
BRDA:264,22,0,0
BRDA:264,22,1,0
BRF:47
BRH:0
end_of_record
TN:
SF:src\hooks\useAuth.ts
FN:5,useAuth
FN:9,(anonymous_1)
FN:13,(anonymous_2)
FN:18,(anonymous_3)
FN:27,(anonymous_4)
FN:34,(anonymous_5)
FNF:6
FNH:5
FNDA:15,useAuth
FNDA:7,(anonymous_1)
FNDA:7,(anonymous_2)
FNDA:0,(anonymous_3)
FNDA:2,(anonymous_4)
FNDA:7,(anonymous_5)
DA:6,15
DA:7,15
DA:9,15
DA:10,7
DA:13,7
DA:14,7
DA:15,7
DA:16,7
DA:19,0
DA:20,0
DA:27,7
DA:28,2
DA:29,2
DA:30,2
DA:34,7
DA:35,7
DA:36,7
DA:40,15
LF:18
LH:16
BRDA:14,0,0,7
BRDA:14,0,1,0
BRDA:15,1,0,7
BRDA:15,1,1,5
BRDA:19,2,0,0
BRDA:19,2,1,0
BRDA:28,3,0,2
BRDA:28,3,1,0
BRDA:29,4,0,2
BRDA:29,4,1,1
BRF:10
BRH:6
end_of_record
TN:
SF:src\hooks\useBlockScroll.ts
FN:8,useBlockScroll
FN:9,(anonymous_1)
FN:18,(anonymous_2)
FNF:3
FNH:0
FNDA:0,useBlockScroll
FNDA:0,(anonymous_1)
FNDA:0,(anonymous_2)
DA:9,0
DA:10,0
DA:12,0
DA:15,0
DA:18,0
DA:19,0
LF:6
LH:0
BRDA:10,0,0,0
BRDA:10,0,1,0
BRF:2
BRH:0
end_of_record
TN:
SF:src\hooks\useConfirm.ts
FN:16,useConfirm
FN:23,(anonymous_1)
FN:24,(anonymous_2)
FN:29,(anonymous_3)
FN:31,(anonymous_4)
FN:34,(anonymous_5)
FN:36,(anonymous_6)
FNF:7
FNH:7
FNDA:15,useConfirm
FNDA:6,(anonymous_1)
FNDA:6,(anonymous_2)
FNDA:1,(anonymous_3)
FNDA:1,(anonymous_4)
FNDA:2,(anonymous_5)
FNDA:2,(anonymous_6)
DA:17,15
DA:23,15
DA:24,6
DA:25,6
DA:29,15
DA:30,1
DA:31,1
DA:34,15
DA:35,2
DA:36,2
DA:39,15
LF:11
LH:11
BRF:0
BRH:0
end_of_record
TN:
SF:src\hooks\usePartsExchangeRate.ts
FN:11,todayStr
FN:15,loadStored
FN:24,saveStored
FN:28,usePartsExchangeRate
FN:29,(anonymous_4)
FN:40,(anonymous_5)
FN:46,(anonymous_6)
FN:53,(anonymous_7)
FNF:8
FNH:0
FNDA:0,todayStr
FNDA:0,loadStored
FNDA:0,saveStored
FNDA:0,usePartsExchangeRate
FNDA:0,(anonymous_4)
FNDA:0,(anonymous_5)
FNDA:0,(anonymous_6)
FNDA:0,(anonymous_7)
DA:3,0
DA:12,0
DA:16,0
DA:17,0
DA:18,0
DA:20,0
DA:25,0
DA:29,0
DA:30,0
DA:31,0
DA:33,0
DA:35,0
DA:38,0
DA:40,0
DA:41,0
DA:42,0
DA:43,0
DA:46,0
DA:47,0
DA:48,0
DA:49,0
DA:50,0
DA:51,0
DA:52,0
DA:53,0
DA:54,0
DA:55,0
DA:56,0
DA:57,0
DA:58,0
DA:59,0
DA:60,0
DA:62,0
DA:63,0
DA:65,0
DA:69,0
LF:36
LH:0
BRDA:18,0,0,0
BRDA:18,0,1,0
BRDA:35,1,0,0
BRDA:35,1,1,0
BRDA:38,2,0,0
BRDA:38,2,1,0
BRDA:51,3,0,0
BRDA:51,3,1,0
BRDA:53,4,0,0
BRDA:53,4,1,0
BRDA:54,5,0,0
BRDA:54,5,1,0
BRDA:56,6,0,0
BRDA:56,6,1,0
BRDA:56,7,0,0
BRDA:56,7,1,0
BRDA:62,8,0,0
BRDA:62,8,1,0
BRDA:71,9,0,0
BRDA:71,9,1,0
BRDA:72,10,0,0
BRDA:72,10,1,0
BRF:22
BRH:0
end_of_record
TN:
SF:src\hooks\useSubscription.ts
FN:40,useCompanySubscription
FN:45,(anonymous_1)
FN:88,useSubscriptionLimits
FN:92,(anonymous_3)
FN:93,(anonymous_4)
FN:105,(anonymous_5)
FN:111,(anonymous_6)
FN:116,(anonymous_7)
FN:121,(anonymous_8)
FN:127,(anonymous_9)
FNF:10
FNH:0
FNDA:0,useCompanySubscription
FNDA:0,(anonymous_1)
FNDA:0,useSubscriptionLimits
FNDA:0,(anonymous_3)
FNDA:0,(anonymous_4)
FNDA:0,(anonymous_5)
FNDA:0,(anonymous_6)
FNDA:0,(anonymous_7)
FNDA:0,(anonymous_8)
FNDA:0,(anonymous_9)
DA:26,0
DA:41,0
DA:43,0
DA:47,0
DA:48,0
DA:50,0
DA:51,0
DA:52,0
DA:53,0
DA:54,0
DA:55,0
DA:58,0
DA:59,0
DA:63,0
DA:71,0
DA:74,0
DA:75,0
DA:76,0
DA:77,0
DA:81,0
DA:89,0
DA:90,0
DA:92,0
DA:93,0
DA:95,0
DA:97,0
DA:106,0
DA:107,0
DA:108,0
DA:109,0
DA:112,0
DA:113,0
DA:114,0
DA:117,0
DA:118,0
DA:119,0
DA:122,0
DA:123,0
DA:124,0
DA:125,0
DA:128,0
DA:129,0
DA:130,0
LF:43
LH:0
BRDA:50,0,0,0
BRDA:50,0,1,0
BRDA:53,1,0,0
BRDA:53,1,1,0
BRDA:58,2,0,0
BRDA:58,2,1,0
BRDA:58,3,0,0
BRDA:58,3,1,0
BRDA:71,4,0,0
BRDA:71,4,1,0
BRDA:74,5,0,0
BRDA:74,5,1,0
BRDA:74,6,0,0
BRDA:74,6,1,0
BRDA:76,7,0,0
BRDA:76,7,1,0
BRDA:83,8,0,0
BRDA:83,8,1,0
BRDA:101,9,0,0
BRDA:101,9,1,0
BRDA:101,10,0,0
BRDA:101,10,1,0
BRDA:102,11,0,0
BRDA:102,11,1,0
BRDA:102,12,0,0
BRDA:102,12,1,0
BRDA:106,13,0,0
BRDA:106,13,1,0
BRDA:107,14,0,0
BRDA:107,14,1,0
BRDA:108,15,0,0
BRDA:108,15,1,0
BRDA:112,16,0,0
BRDA:112,16,1,0
BRDA:113,17,0,0
BRDA:113,17,1,0
BRDA:117,18,0,0
BRDA:117,18,1,0
BRDA:118,19,0,0
BRDA:118,19,1,0
BRDA:122,20,0,0
BRDA:122,20,1,0
BRDA:123,21,0,0
BRDA:123,21,1,0
BRDA:124,22,0,0
BRDA:124,22,1,0
BRDA:128,23,0,0
BRDA:128,23,1,0
BRDA:129,24,0,0
BRDA:129,24,1,0
BRF:50
BRH:0
end_of_record
TN:
SF:src\hooks\useUserProfile.ts
FN:4,useUserProfile
FN:8,(anonymous_1)
FN:66,(anonymous_2)
FN:78,(anonymous_3)
FN:80,(anonymous_4)
FN:89,useIsAdmin
FN:91,(anonymous_6)
FN:94,useHasRole
FN:96,(anonymous_8)
FN:99,useHasAnyRole
FN:101,(anonymous_10)
FNF:11
FNH:0
FNDA:0,useUserProfile
FNDA:0,(anonymous_1)
FNDA:0,(anonymous_2)
FNDA:0,(anonymous_3)
FNDA:0,(anonymous_4)
FNDA:0,useIsAdmin
FNDA:0,(anonymous_6)
FNDA:0,useHasRole
FNDA:0,(anonymous_8)
FNDA:0,useHasAnyRole
FNDA:0,(anonymous_10)
DA:5,0
DA:9,0
DA:11,0
DA:14,0
DA:19,0
DA:20,0
DA:21,0
DA:25,0
DA:26,0
DA:28,0
DA:39,0
DA:40,0
DA:41,0
DA:44,0
DA:47,0
DA:50,0
DA:55,0
DA:56,0
DA:57,0
DA:61,0
DA:62,0
DA:66,0
DA:67,0
DA:72,0
DA:73,0
DA:74,0
DA:78,0
DA:80,0
DA:83,0
DA:90,0
DA:91,0
DA:95,0
DA:96,0
DA:100,0
DA:101,0
LF:35
LH:0
BRDA:11,0,0,0
BRDA:11,0,1,0
BRDA:19,1,0,0
BRDA:19,1,1,0
BRDA:25,2,0,0
BRDA:25,2,1,0
BRDA:25,3,0,0
BRDA:25,3,1,0
BRDA:33,4,0,0
BRDA:33,4,1,0
BRDA:33,4,2,0
BRDA:39,5,0,0
BRDA:39,5,1,0
BRDA:55,6,0,0
BRDA:55,6,1,0
BRDA:61,7,0,0
BRDA:61,7,1,0
BRDA:61,8,0,0
BRDA:61,8,1,0
BRDA:72,9,0,0
BRDA:72,9,1,0
BRDA:78,10,0,0
BRDA:78,10,1,0
BRDA:80,11,0,0
BRDA:80,11,1,0
BRDA:91,12,0,0
BRDA:91,12,1,0
BRDA:96,13,0,0
BRDA:96,13,1,0
BRDA:101,14,0,0
BRDA:101,14,1,0
BRF:31
BRH:0
end_of_record
TN:
SF:src\services\partsService.ts
FN:19,getPartsVehicles
FN:30,getPartsVehicle
FN:41,createPartsVehicle
FN:56,updatePartsVehicle
FN:68,deletePartsVehicle
FN:77,updateVehicleStatus
FN:108,getPartsCustomers
FN:135,(anonymous_7)
FN:144,createPartsCustomer
FN:158,updatePartsCustomer
FN:170,deletePartsCustomer
FN:186,getPartsCategories
FN:198,getPartsCategoryTemplates
FN:219,getSuggestedCategories
FN:235,copyTemplateCategories
FN:249,createPartsCategory
FN:265,createPartsCategoriesBulk
FN:266,(anonymous_17)
FN:281,updatePartsCategory
FN:293,deletePartsCategory
FN:313,getPartsInventory
FN:324,getPartsInventoryItem
FN:335,createPartsInventoryItem
FN:363,updatePartsInventoryItem
FN:392,deletePartsInventoryItem
FN:405,getPartsOrders
FN:428,getPartsOrder
FN:451,createPartsOrder
FN:486,createPartsOrderItem
FN:506,updatePartsOrderTotal
FN:512,(anonymous_30)
FN:534,getStorageLocations
FN:545,createStorageLocation
FN:565,updateStorageLocation
FN:576,deleteStorageLocation
FNF:35
FNH:35
FNDA:2,getPartsVehicles
FNDA:2,getPartsVehicle
FNDA:2,createPartsVehicle
FNDA:4,updatePartsVehicle
FNDA:2,deletePartsVehicle
FNDA:3,updateVehicleStatus
FNDA:2,getPartsCustomers
FNDA:1,(anonymous_7)
FNDA:2,createPartsCustomer
FNDA:2,updatePartsCustomer
FNDA:2,deletePartsCustomer
FNDA:2,getPartsCategories
FNDA:4,getPartsCategoryTemplates
FNDA:2,getSuggestedCategories
FNDA:2,copyTemplateCategories
FNDA:2,createPartsCategory
FNDA:2,createPartsCategoriesBulk
FNDA:3,(anonymous_17)
FNDA:2,updatePartsCategory
FNDA:2,deletePartsCategory
FNDA:2,getPartsInventory
FNDA:2,getPartsInventoryItem
FNDA:2,createPartsInventoryItem
FNDA:2,updatePartsInventoryItem
FNDA:2,deletePartsInventoryItem
FNDA:2,getPartsOrders
FNDA:2,getPartsOrder
FNDA:3,createPartsOrder
FNDA:2,createPartsOrderItem
FNDA:2,updatePartsOrderTotal
FNDA:2,(anonymous_30)
FNDA:2,getStorageLocations
FNDA:2,createStorageLocation
FNDA:2,updateStorageLocation
FNDA:2,deleteStorageLocation
DA:20,2
DA:26,2
DA:27,1
DA:31,2
DA:37,2
DA:38,1
DA:42,2
DA:52,2
DA:53,1
DA:57,4
DA:64,4
DA:65,4
DA:69,2
DA:74,2
DA:83,3
DA:84,3
DA:85,1
DA:90,1
DA:93,3
DA:95,3
DA:96,1
DA:97,2
DA:98,1
DA:101,3
DA:110,2
DA:122,2
DA:124,1
DA:127,2
DA:128,2
DA:129,1
DA:130,0
DA:131,0
DA:132,0
DA:135,1
DA:141,2
DA:145,2
DA:154,2
DA:155,1
DA:159,2
DA:166,2
DA:167,1
DA:171,2
DA:176,2
DA:177,1
DA:178,1
DA:187,2
DA:194,2
DA:195,1
DA:199,4
DA:205,4
DA:206,1
DA:207,3
DA:208,1
DA:210,2
DA:213,4
DA:215,4
DA:216,3
DA:224,2
DA:231,2
DA:232,1
DA:239,2
DA:245,2
DA:246,1
DA:250,2
DA:261,2
DA:262,1
DA:266,3
DA:273,2
DA:277,2
DA:278,1
DA:282,2
DA:289,2
DA:290,1
DA:294,2
DA:299,2
DA:306,1
DA:314,2
DA:320,2
DA:321,1
DA:325,2
DA:331,2
DA:332,1
DA:337,2
DA:338,2
DA:359,2
DA:360,1
DA:365,2
DA:369,2
DA:381,2
DA:388,2
DA:389,1
DA:393,2
DA:398,2
DA:406,2
DA:424,2
DA:425,1
DA:429,2
DA:447,2
DA:448,1
DA:457,3
DA:458,3
DA:461,3
DA:462,3
DA:463,3
DA:465,3
DA:479,3
DA:480,1
DA:481,1
DA:483,2
DA:490,2
DA:502,2
DA:503,1
DA:507,2
DA:512,2
DA:513,2
DA:514,2
DA:515,2
DA:516,2
DA:519,2
DA:524,2
DA:525,0
DA:526,0
DA:535,2
DA:541,2
DA:542,1
DA:551,2
DA:561,2
DA:562,1
DA:566,2
DA:572,2
DA:573,1
DA:577,2
DA:581,2
LF:133
LH:128
BRDA:26,0,0,1
BRDA:26,0,1,1
BRDA:37,1,0,1
BRDA:37,1,1,1
BRDA:52,2,0,1
BRDA:52,2,1,1
BRDA:64,3,0,0
BRDA:64,3,1,4
BRDA:74,4,0,1
BRDA:74,4,1,1
BRDA:84,5,0,1
BRDA:84,5,1,2
BRDA:90,6,0,1
BRDA:90,6,1,0
BRDA:95,7,0,1
BRDA:95,7,1,2
BRDA:95,8,0,3
BRDA:95,8,1,2
BRDA:97,9,0,1
BRDA:97,9,1,1
BRDA:97,10,0,2
BRDA:97,10,1,1
BRDA:122,11,0,1
BRDA:122,11,1,1
BRDA:124,12,0,1
BRDA:124,12,1,0
BRDA:129,13,0,1
BRDA:129,13,1,0
BRDA:130,14,0,0
BRDA:130,14,1,0
BRDA:132,15,0,0
BRDA:132,15,1,0
BRDA:135,16,0,1
BRDA:135,16,1,0
BRDA:137,17,0,1
BRDA:137,17,1,1
BRDA:138,18,0,1
BRDA:138,18,1,1
BRDA:154,19,0,1
BRDA:154,19,1,1
BRDA:166,20,0,1
BRDA:166,20,1,1
BRDA:176,21,0,1
BRDA:176,21,1,1
BRDA:194,22,0,1
BRDA:194,22,1,1
BRDA:205,23,0,1
BRDA:205,23,1,3
BRDA:205,24,0,4
BRDA:205,24,1,2
BRDA:207,25,0,1
BRDA:207,25,1,2
BRDA:215,26,0,1
BRDA:215,26,1,3
BRDA:231,27,0,1
BRDA:231,27,1,1
BRDA:245,28,0,1
BRDA:245,28,1,1
BRDA:261,29,0,1
BRDA:261,29,1,1
BRDA:277,30,0,1
BRDA:277,30,1,1
BRDA:289,31,0,1
BRDA:289,31,1,1
BRDA:299,32,0,1
BRDA:299,32,1,1
BRDA:320,33,0,1
BRDA:320,33,1,1
BRDA:331,34,0,1
BRDA:331,34,1,1
BRDA:343,35,0,2
BRDA:343,35,1,2
BRDA:346,36,0,2
BRDA:346,36,1,2
BRDA:347,37,0,2
BRDA:347,37,1,2
BRDA:348,38,0,2
BRDA:348,38,1,2
BRDA:349,39,0,2
BRDA:349,39,1,2
BRDA:350,40,0,2
BRDA:350,40,1,2
BRDA:351,41,0,2
BRDA:351,41,1,2
BRDA:352,42,0,2
BRDA:352,42,1,2
BRDA:353,43,0,2
BRDA:353,43,1,2
BRDA:354,44,0,2
BRDA:354,44,1,2
BRDA:359,45,0,1
BRDA:359,45,1,1
BRDA:371,46,0,0
BRDA:371,46,1,2
BRDA:371,47,0,0
BRDA:371,47,1,0
BRDA:372,48,0,0
BRDA:372,48,1,2
BRDA:372,49,0,0
BRDA:372,49,1,0
BRDA:373,50,0,0
BRDA:373,50,1,2
BRDA:373,51,0,0
BRDA:373,51,1,0
BRDA:374,52,0,0
BRDA:374,52,1,2
BRDA:374,53,0,0
BRDA:374,53,1,0
BRDA:375,54,0,0
BRDA:375,54,1,2
BRDA:375,55,0,0
BRDA:375,55,1,0
BRDA:376,56,0,0
BRDA:376,56,1,2
BRDA:376,57,0,0
BRDA:376,57,1,0
BRDA:377,58,0,0
BRDA:377,58,1,2
BRDA:377,59,0,0
BRDA:377,59,1,0
BRDA:378,60,0,0
BRDA:378,60,1,2
BRDA:378,61,0,0
BRDA:378,61,1,0
BRDA:379,62,0,0
BRDA:379,62,1,2
BRDA:379,63,0,0
BRDA:379,63,1,0
BRDA:388,64,0,1
BRDA:388,64,1,1
BRDA:398,65,0,1
BRDA:398,65,1,1
BRDA:424,66,0,1
BRDA:424,66,1,1
BRDA:447,67,0,1
BRDA:447,67,1,1
BRDA:461,68,0,1
BRDA:461,68,1,2
BRDA:462,69,0,2
BRDA:462,69,1,1
BRDA:462,70,0,3
BRDA:462,70,1,2
BRDA:469,71,0,3
BRDA:469,71,1,2
BRDA:471,72,0,3
BRDA:471,72,1,3
BRDA:474,73,0,3
BRDA:474,73,1,3
BRDA:479,74,0,1
BRDA:479,74,1,2
BRDA:497,75,0,2
BRDA:497,75,1,2
BRDA:502,76,0,1
BRDA:502,76,1,1
BRDA:506,77,0,2
BRDA:512,78,0,2
BRDA:512,78,1,0
BRDA:513,79,0,2
BRDA:513,79,1,0
BRDA:514,80,0,2
BRDA:514,80,1,0
BRDA:514,81,0,2
BRDA:514,81,1,0
BRDA:515,82,0,1
BRDA:515,82,1,1
BRDA:524,83,0,0
BRDA:524,83,1,2
BRDA:541,84,0,1
BRDA:541,84,1,1
BRDA:555,85,0,2
BRDA:555,85,1,2
BRDA:557,86,0,2
BRDA:557,86,1,2
BRDA:561,87,0,1
BRDA:561,87,1,1
BRDA:572,88,0,1
BRDA:572,88,1,1
BRDA:581,89,0,1
BRDA:581,89,1,1
BRF:179
BRH:138
end_of_record
TN:
SF:src\services\subscriptionService.ts
FN:8,getSubscriptionPlans
FN:19,createSubscriptionPlan
FN:30,updateSubscriptionPlan
FN:42,deleteSubscriptionPlan
FN:55,getAllCompanySubscriptions
FN:67,(anonymous_5)
FN:98,getCompanySubscription
FN:114,assignSubscription
FN:143,deactivateSubscription
FN:152,deleteCompanySubscription
FN:165,getSubscriptionStats
FN:175,(anonymous_11)
FN:179,(anonymous_12)
FN:192,(anonymous_13)
FN:201,(anonymous_14)
FN:218,getStoCompanies
FN:229,getPartsCompanies
FNF:17
FNH:4
FNDA:2,getSubscriptionPlans
FNDA:1,createSubscriptionPlan
FNDA:1,updateSubscriptionPlan
FNDA:2,deleteSubscriptionPlan
FNDA:0,getAllCompanySubscriptions
FNDA:0,(anonymous_5)
FNDA:0,getCompanySubscription
FNDA:0,assignSubscription
FNDA:0,deactivateSubscription
FNDA:0,deleteCompanySubscription
FNDA:0,getSubscriptionStats
FNDA:0,(anonymous_11)
FNDA:0,(anonymous_12)
FNDA:0,(anonymous_13)
FNDA:0,(anonymous_14)
FNDA:0,getStoCompanies
FNDA:0,getPartsCompanies
DA:9,2
DA:15,2
DA:16,1
DA:20,1
DA:26,1
DA:27,1
DA:31,1
DA:38,1
DA:39,1
DA:43,2
DA:48,2
DA:56,0
DA:64,0
DA:67,0
DA:68,0
DA:70,0
DA:71,0
DA:76,0
DA:77,0
DA:78,0
DA:83,0
DA:86,0
DA:95,0
DA:99,0
DA:110,0
DA:111,0
DA:116,0
DA:123,0
DA:139,0
DA:140,0
DA:144,0
DA:149,0
DA:153,0
DA:158,0
DA:167,0
DA:172,0
DA:174,0
DA:175,0
DA:178,0
DA:179,0
DA:183,0
DA:184,0
DA:185,0
DA:187,0
DA:192,0
DA:193,0
DA:197,0
DA:201,0
DA:202,0
DA:205,0
DA:219,0
DA:225,0
DA:226,0
DA:230,0
DA:236,0
DA:237,0
LF:56
LH:11
BRDA:15,0,0,1
BRDA:15,0,1,1
BRDA:26,1,0,0
BRDA:26,1,1,1
BRDA:38,2,0,0
BRDA:38,2,1,1
BRDA:48,3,0,1
BRDA:48,3,1,1
BRDA:64,4,0,0
BRDA:64,4,1,0
BRDA:67,5,0,0
BRDA:67,5,1,0
BRDA:70,6,0,0
BRDA:70,6,1,0
BRDA:76,7,0,0
BRDA:76,7,1,0
BRDA:77,8,0,0
BRDA:77,8,1,0
BRDA:83,9,0,0
BRDA:83,9,1,0
BRDA:110,10,0,0
BRDA:110,10,1,0
BRDA:129,11,0,0
BRDA:129,11,1,0
BRDA:130,12,0,0
BRDA:130,12,1,0
BRDA:139,13,0,0
BRDA:139,13,1,0
BRDA:149,14,0,0
BRDA:149,14,1,0
BRDA:158,15,0,0
BRDA:158,15,1,0
BRDA:172,16,0,0
BRDA:172,16,1,0
BRDA:174,17,0,0
BRDA:174,17,1,0
BRDA:178,18,0,0
BRDA:178,18,1,0
BRDA:192,19,0,0
BRDA:192,19,1,0
BRDA:193,20,0,0
BRDA:193,20,1,0
BRDA:201,21,0,0
BRDA:201,21,1,0
BRDA:202,22,0,0
BRDA:202,22,1,0
BRDA:225,23,0,0
BRDA:225,23,1,0
BRDA:236,24,0,0
BRDA:236,24,1,0
BRF:50
BRH:6
end_of_record
TN:
SF:src\services\trashService.ts
FN:45,moveToTrash
FN:62,getTrashItems
FN:82,restoreFromTrash
FN:169,permanentlyDelete
FNF:4
FNH:4
FNDA:2,moveToTrash
FNDA:3,getTrashItems
FNDA:10,restoreFromTrash
FNDA:2,permanentlyDelete
DA:13,1
DA:46,2
DA:47,2
DA:56,2
DA:57,1
DA:58,1
DA:66,3
DA:71,3
DA:72,2
DA:73,1
DA:74,0
DA:77,3
DA:78,3
DA:79,2
DA:83,10
DA:85,10
DA:87,2
DA:92,2
DA:93,2
DA:94,2
DA:95,1
DA:96,1
DA:98,2
DA:99,1
DA:100,1
DA:102,2
DA:106,1
DA:110,1
DA:111,1
DA:112,1
DA:113,1
DA:114,1
DA:116,1
DA:120,1
DA:121,1
DA:122,1
DA:126,1
DA:127,1
DA:128,1
DA:132,1
DA:133,1
DA:134,1
DA:135,1
DA:136,1
DA:137,1
DA:139,1
DA:143,1
DA:144,1
DA:145,1
DA:149,1
DA:150,1
DA:151,1
DA:155,1
DA:156,1
DA:157,1
DA:161,1
DA:165,9
DA:166,9
DA:170,2
DA:171,2
LF:60
LH:59
BRDA:52,0,0,2
BRDA:52,0,1,0
BRDA:53,1,0,2
BRDA:53,1,1,1
BRDA:54,2,0,2
BRDA:54,2,1,2
BRDA:56,3,0,1
BRDA:56,3,1,1
BRDA:71,4,0,2
BRDA:71,4,1,1
BRDA:73,5,0,0
BRDA:73,5,1,1
BRDA:78,6,0,1
BRDA:78,6,1,2
BRDA:79,7,0,2
BRDA:79,7,1,1
BRDA:85,8,0,2
BRDA:85,8,1,1
BRDA:85,8,2,1
BRDA:85,8,3,1
BRDA:85,8,4,1
BRDA:85,8,5,1
BRDA:85,8,6,1
BRDA:85,8,7,1
BRDA:85,8,8,1
BRDA:93,9,0,0
BRDA:93,9,1,2
BRDA:94,10,0,1
BRDA:94,10,1,1
BRDA:96,11,0,0
BRDA:96,11,1,1
BRDA:98,12,0,1
BRDA:98,12,1,1
BRDA:100,13,0,0
BRDA:100,13,1,1
BRDA:111,14,0,0
BRDA:111,14,1,1
BRDA:112,15,0,1
BRDA:112,15,1,0
BRDA:114,16,0,0
BRDA:114,16,1,1
BRDA:121,17,0,0
BRDA:121,17,1,1
BRDA:127,18,0,0
BRDA:127,18,1,1
BRDA:134,19,0,0
BRDA:134,19,1,1
BRDA:135,20,0,1
BRDA:135,20,1,0
BRDA:137,21,0,0
BRDA:137,21,1,1
BRDA:144,22,0,0
BRDA:144,22,1,1
BRDA:150,23,0,0
BRDA:150,23,1,1
BRDA:156,24,0,0
BRDA:156,24,1,1
BRDA:166,25,0,0
BRDA:166,25,1,9
BRDA:171,26,0,1
BRDA:171,26,1,1
BRF:61
BRH:44
end_of_record
TN:
SF:src\utils\currency.ts
FN:7,formatCurrency
FN:18,formatPrice
FNF:2
FNH:2
FNDA:6,formatCurrency
FNDA:7,formatPrice
DA:8,6
DA:9,3
DA:19,7
DA:20,4
DA:24,4
LF:5
LH:5
BRDA:8,0,0,3
BRDA:8,0,1,3
BRDA:18,1,0,7
BRDA:19,2,0,3
BRDA:19,2,1,4
BRDA:24,3,0,2
BRDA:24,3,1,2
BRF:7
BRH:7
end_of_record
TN:
SF:src\utils\status.ts
FN:8,getAppointmentStatusColor
FN:20,getAppointmentStatusText
FN:35,getPartsOrderStatusColor
FN:45,getPartsOrderStatusText
FN:56,getStatusColor
FN:60,getStatusText
FN:64,getOrderStatusColor
FN:68,getOrderStatusText
FNF:8
FNH:6
FNDA:9,getAppointmentStatusColor
FNDA:9,getAppointmentStatusText
FNDA:4,getPartsOrderStatusColor
FNDA:4,getPartsOrderStatusText
FNDA:1,getStatusColor
FNDA:1,getStatusText
FNDA:0,getOrderStatusColor
FNDA:0,getOrderStatusText
DA:9,9
DA:17,9
DA:21,9
DA:29,9
DA:36,4
DA:42,4
DA:46,4
DA:52,4
DA:57,1
DA:61,1
DA:65,0
DA:69,0
LF:12
LH:10
BRDA:17,0,0,9
BRDA:17,0,1,1
BRDA:29,1,0,9
BRDA:29,1,1,1
BRDA:42,2,0,4
BRDA:42,2,1,0
BRDA:52,3,0,4
BRDA:52,3,1,0
BRF:8
BRH:6
end_of_record
